<?xml version="1.0" encoding="UTF-8"?>
<testsuite xmlns:xsi="http://www.w3.org/2001/XMLSchema-instance" xsi:noNamespaceSchemaLocation="https://maven.apache.org/surefire/maven-surefire-plugin/xsd/surefire-test-report-3.0.xsd" version="3.0" name="CucumberTest" time="20.908" tests="10" errors="0" skipped="0" failures="0">
  <properties>
[...]
</properties>
  <testcase name="Verificar que los asientos se crean automáticamente al existir una sala" classname="Certificación de Calidad y Cobertura del Microservicio de Asientos (Generación Automática)" time="12.076">
    <system-out><![CDATA[2026-06-12T14:00:28.283-05:00  INFO 20996 --- [ProyectLP2] [           main] t.c.s.AnnotationConfigContextLoaderUtils : Could not detect default configuration classes for test class [pe.edu.upeu.ProyectLP2.CucumberSpringConfiguration]: CucumberSpringConfiguration does not declare any static, non-private, non-final, nested classes annotated with @Configuration.
2026-06-12T14:00:28.292-05:00  INFO 20996 --- [ProyectLP2] [           main] .b.t.c.SpringBootTestContextBootstrapper : Found @SpringBootConfiguration pe.edu.upeu.ProyectLP2.ProyectLp2Application for test class pe.edu.upeu.ProyectLP2.CucumberSpringConfiguration
2026-06-12T14:00:28.307-05:00  INFO 20996 --- [ProyectLP2] [           main] o.s.b.d.r.RestartApplicationListener     : Restart disabled due to context in which it is running

  .   ____          _            __ _ _
 /\\ / ___'_ __ _ _(_)_ __  __ _ \ \ \ \
( ( )\___ | '_ | '_| | '_ \/ _` | \ \ \ \
 \\/  ___)| |_)| | | | | || (_| |  ) ) ) )
  '  |____| .__|_| |_|_| |_\__, | / / / /
 =========|_|==============|___/=/_/_/_/

 :: Spring Boot ::                (v3.5.6)

2026-06-12T14:00:28.522-05:00  INFO 20996 --- [ProyectLP2] [           main] p.e.u.P.CucumberSpringConfiguration      : Starting CucumberSpringConfiguration using Java 22.0.2 with PID 20996 (started by Leydi Mariana Ludith in C:\Users\Leydi Mariana Ludith\IdeaProjects\Sonar_Jenkins_2026\Sonarqube_Jenkins\ProyectLP2\ProyectLP2)
2026-06-12T14:00:28.523-05:00  INFO 20996 --- [ProyectLP2] [           main] p.e.u.P.CucumberSpringConfiguration      : The following 1 profile is active: "test"
2026-06-12T14:00:29.501-05:00  INFO 20996 --- [ProyectLP2] [           main] .s.d.r.c.RepositoryConfigurationDelegate : Bootstrapping Spring Data JPA repositories in DEFAULT mode.
2026-06-12T14:00:29.626-05:00  INFO 20996 --- [ProyectLP2] [           main] .s.d.r.c.RepositoryConfigurationDelegate : Finished Spring Data repository scanning in 120 ms. Found 6 JPA repository interfaces.
2026-06-12T14:00:30.686-05:00  INFO 20996 --- [ProyectLP2] [           main] o.s.b.w.embedded.tomcat.TomcatWebServer  : Tomcat initialized with port 8082 (http)
2026-06-12T14:00:30.797-05:00  INFO 20996 --- [ProyectLP2] [           main] o.apache.catalina.core.StandardService   : Starting service [Tomcat]
2026-06-12T14:00:30.798-05:00  INFO 20996 --- [ProyectLP2] [           main] o.apache.catalina.core.StandardEngine    : Starting Servlet engine: [Apache Tomcat/10.1.46]
2026-06-12T14:00:31.118-05:00  INFO 20996 --- [ProyectLP2] [           main] o.a.c.c.C.[Tomcat].[localhost].[/]       : Initializing Spring embedded WebApplicationContext
2026-06-12T14:00:31.119-05:00  INFO 20996 --- [ProyectLP2] [           main] w.s.c.ServletWebServerApplicationContext : Root WebApplicationContext: initialization completed in 2588 ms
2026-06-12T14:00:31.220-05:00  INFO 20996 --- [ProyectLP2] [           main] com.zaxxer.hikari.HikariDataSource       : HikariPool-2 - Starting...
2026-06-12T14:00:31.258-05:00  INFO 20996 --- [ProyectLP2] [           main] com.zaxxer.hikari.pool.HikariPool        : HikariPool-2 - Added connection com.mysql.cj.jdbc.ConnectionImpl@2cb66a34
2026-06-12T14:00:31.260-05:00  INFO 20996 --- [ProyectLP2] [           main] com.zaxxer.hikari.HikariDataSource       : HikariPool-2 - Start completed.
2026-06-12T14:00:31.340-05:00  INFO 20996 --- [ProyectLP2] [           main] o.hibernate.jpa.internal.util.LogHelper  : HHH000204: Processing PersistenceUnitInfo [name: default]
2026-06-12T14:00:31.362-05:00  INFO 20996 --- [ProyectLP2] [           main] o.h.c.internal.RegionFactoryInitiator    : HHH000026: Second-level cache disabled
2026-06-12T14:00:31.408-05:00  INFO 20996 --- [ProyectLP2] [           main] o.s.o.j.p.SpringPersistenceUnitInfo      : No LoadTimeWeaver setup: ignoring JPA class transformer
2026-06-12T14:00:31.421-05:00  WARN 20996 --- [ProyectLP2] [           main] org.hibernate.orm.deprecation            : HHH90000025: MySQLDialect does not need to be specified explicitly using 'hibernate.dialect' (remove the property setting and it will be selected by default)
2026-06-12T14:00:31.422-05:00  INFO 20996 --- [ProyectLP2] [           main] org.hibernate.orm.connections.pooling    : HHH10001005: Database info:
	Database JDBC URL [Connecting through datasource 'HikariDataSource (HikariPool-2)']
	Database driver: undefined/unknown
	Database version: 8.0.46
	Autocommit mode: undefined/unknown
	Isolation level: undefined/unknown
	Minimum pool size: undefined/unknown
	Maximum pool size: undefined/unknown
2026-06-12T14:00:31.758-05:00  INFO 20996 --- [ProyectLP2] [           main] o.h.e.t.j.p.i.JtaPlatformInitiator       : HHH000489: No JTA platform available (set 'hibernate.transaction.jta.platform' to enable JTA platform integration)
2026-06-12T14:00:31.850-05:00  INFO 20996 --- [ProyectLP2] [           main] j.LocalContainerEntityManagerFactoryBean : Initialized JPA EntityManagerFactory for persistence unit 'default'
2026-06-12T14:00:32.453-05:00  INFO 20996 --- [ProyectLP2] [           main] eAuthenticationProviderManagerConfigurer : Global AuthenticationManager configured with AuthenticationProvider bean with name authenticationProvider
2026-06-12T14:00:32.454-05:00  WARN 20996 --- [ProyectLP2] [           main] r$InitializeUserDetailsManagerConfigurer : Global AuthenticationManager configured with an AuthenticationProvider bean. UserDetailsService beans will not be used by Spring Security for automatically configuring username/password login. Consider removing the AuthenticationProvider bean. Alternatively, consider using the UserDetailsService in a manually instantiated DaoAuthenticationProvider. If the current configuration is intentional, to turn off this warning, increase the logging level of 'org.springframework.security.config.annotation.authentication.configuration.InitializeUserDetailsBeanManagerConfigurer' to ERROR
2026-06-12T14:00:32.518-05:00  WARN 20996 --- [ProyectLP2] [           main] JpaBaseConfiguration$JpaWebConfiguration : spring.jpa.open-in-view is enabled by default. Therefore, database queries may be performed during view rendering. Explicitly configure spring.jpa.open-in-view to disable this warning
2026-06-12T14:00:33.972-05:00  INFO 20996 --- [ProyectLP2] [           main] o.s.b.w.embedded.tomcat.TomcatWebServer  : Tomcat started on port 8082 (http) with context path '/'
2026-06-12T14:00:34.002-05:00  INFO 20996 --- [ProyectLP2] [           main] p.e.u.P.CucumberSpringConfiguration      : Started CucumberSpringConfiguration in 5.697 seconds (process running for 52.662)

@FlujoFeliz
Escenario: Verificar que los asientos se crean automáticamente al existir una sala  &amp#27;[90m# features/asiento.feature:8&amp#27;[0m
2026-06-12T14:00:35.386-05:00  INFO 20996 --- [ProyectLP2] [nio-8082-exec-1] o.a.c.c.C.[Tomcat].[localhost].[/]       : Initializing Spring DispatcherServlet 'dispatcherServlet'
2026-06-12T14:00:35.387-05:00  INFO 20996 --- [ProyectLP2] [nio-8082-exec-1] o.s.web.servlet.DispatcherServlet        : Initializing Servlet 'dispatcherServlet'
2026-06-12T14:00:35.392-05:00  INFO 20996 --- [ProyectLP2] [nio-8082-exec-1] o.s.web.servlet.DispatcherServlet        : Completed initialization in 5 ms
Hibernate: 
    select
        te1_0.id_ticket,
        te1_0.id_asiento,
        te1_0.id_usuario,
        te1_0.fecha_compra,
        te1_0.id_funcion,
        te1_0.precio_unitario 
    from
        ticket te1_0
Hibernate: 
    select
        ae1_0.id_asiento,
        ae1_0.columna,
        ae1_0.estado,
        ae1_0.fila,
        ae1_0.id_sala 
    from
        asiento ae1_0 
    where
        ae1_0.id_asiento=?
Hibernate: 
    select
        ue1_0.id_usuario,
        ue1_0.email,
        ue1_0.nombre,
        ue1_0.password,
        ue1_0.rol 
    from
        usuario ue1_0 
    where
        ue1_0.id_usuario=?
Hibernate: 
    select
        fe1_0.id_funcion,
        fe1_0.fecha,
        fe1_0.id_pelicula,
        p1_0.id_pelicula,
        p1_0.descripcion,
        p1_0.director,
        p1_0.duracion,
        p1_0.formato,
        p1_0.genero,
        p1_0.idioma,
        p1_0.poster,
        p1_0.titulo,
        p1_0.trailer,
        fe1_0.precio,
        fe1_0.id_sala,
        s1_0.id_sala,
        s1_0.columnas,
        s1_0.filas,
        s1_0.numero 
    from
        funcion fe1_0 
    join
        pelicula p1_0 
            on p1_0.id_pelicula=fe1_0.id_pelicula 
    join
        sala s1_0 
            on s1_0.id_sala=fe1_0.id_sala 
    where
        fe1_0.id_funcion=?
Hibernate: 
    select
        fe1_0.id_funcion,
        fe1_0.fecha,
        fe1_0.id_pelicula,
        fe1_0.precio,
        fe1_0.id_sala 
    from
        funcion fe1_0
Hibernate: 
    select
        pe1_0.id_pelicula,
        pe1_0.descripcion,
        pe1_0.director,
        pe1_0.duracion,
        pe1_0.formato,
        pe1_0.genero,
        pe1_0.idioma,
        pe1_0.poster,
        pe1_0.titulo,
        pe1_0.trailer 
    from
        pelicula pe1_0 
    where
        pe1_0.id_pelicula=?
Hibernate: 
    select
        se1_0.id_sala,
        se1_0.columnas,
        se1_0.filas,
        se1_0.numero 
    from
        sala se1_0 
    where
        se1_0.id_sala=?
Hibernate: 
    select
        ae1_0.id_asiento,
        ae1_0.columna,
        ae1_0.estado,
        ae1_0.fila,
        ae1_0.id_sala 
    from
        asiento ae1_0
Hibernate: 
    select
        se1_0.id_sala,
        se1_0.columnas,
        se1_0.filas,
        se1_0.numero 
    from
        sala se1_0 
    where
        se1_0.id_sala=?
Hibernate: 
    select
        se1_0.id_sala,
        se1_0.columnas,
        se1_0.filas,
        se1_0.numero 
    from
        sala se1_0
Hibernate: 
    select
        se1_0.id_sala,
        se1_0.columnas,
        se1_0.filas,
        se1_0.numero 
    from
        sala se1_0 
    where
        se1_0.id_sala=?
Hibernate: 
    select
        a1_0.id_sala,
        a1_0.id_asiento,
        a1_0.columna,
        a1_0.estado,
        a1_0.fila 
    from
        asiento a1_0 
    where
        a1_0.id_sala=?
2026-06-12T14:00:37.290-05:00 DEBUG 20996 --- [ProyectLP2] [nio-8082-exec-6] o.h.sql.results.internal.ResultsHelper   : Collection fully initialized: [pe.edu.upeu.ProyectLP2.infraestructure.entity.SalaEntity.asientos#112]
Hibernate: 
    delete 
    from
        asiento 
    where
        id_asiento=?
2026-06-12T14:00:38.654-05:00  WARN 20996 --- [ProyectLP2] [nio-8082-exec-6] o.h.engine.jdbc.spi.SqlExceptionHelper   : SQL Error: 1451, SQLState: 23000
2026-06-12T14:00:38.654-05:00 ERROR 20996 --- [ProyectLP2] [nio-8082-exec-6] o.h.engine.jdbc.spi.SqlExceptionHelper   : Cannot delete or update a parent row: a foreign key constraint fails (`cine`.`ticket`, CONSTRAINT `FKkyo14gikrij07dw46veap2wwo` FOREIGN KEY (`id_asiento`) REFERENCES `asiento` (`id_asiento`))
Hibernate: 
    select
        pe1_0.id_pelicula,
        pe1_0.descripcion,
        pe1_0.director,
        pe1_0.duracion,
        pe1_0.formato,
        pe1_0.genero,
        pe1_0.idioma,
        pe1_0.poster,
        pe1_0.titulo,
        pe1_0.trailer 
    from
        pelicula pe1_0
Hibernate: 
    select
        pe1_0.id_pelicula,
        pe1_0.descripcion,
        pe1_0.director,
        pe1_0.duracion,
        pe1_0.formato,
        pe1_0.genero,
        pe1_0.idioma,
        pe1_0.poster,
        pe1_0.titulo,
        pe1_0.trailer 
    from
        pelicula pe1_0 
    where
        pe1_0.id_pelicula=?
Hibernate: 
    select
        f1_0.id_pelicula,
        f1_0.id_funcion,
        f1_0.fecha,
        f1_0.precio,
        f1_0.id_sala,
        s1_0.id_sala,
        s1_0.columnas,
        s1_0.filas,
        s1_0.numero 
    from
        funcion f1_0 
    left join
        sala s1_0 
            on s1_0.id_sala=f1_0.id_sala 
    where
        f1_0.id_pelicula=?
2026-06-12T14:00:38.792-05:00 DEBUG 20996 --- [ProyectLP2] [nio-8082-exec-5] o.h.sql.results.internal.ResultsHelper   : Collection fully initialized: [pe.edu.upeu.ProyectLP2.infraestructure.entity.PeliculaEntity.funciones#72]
Hibernate: 
    select
        t1_0.id_funcion,
        t1_0.id_ticket,
        t1_0.id_asiento,
        a1_0.id_asiento,
        a1_0.columna,
        a1_0.estado,
        a1_0.fila,
        a1_0.id_sala,
        t1_0.id_usuario,
        c1_0.id_usuario,
        c1_0.email,
        c1_0.nombre,
        c1_0.password,
        c1_0.rol,
        t1_0.fecha_compra,
        t1_0.precio_unitario 
    from
        ticket t1_0 
    left join
        asiento a1_0 
            on a1_0.id_asiento=t1_0.id_asiento 
    left join
        usuario c1_0 
            on c1_0.id_usuario=t1_0.id_usuario 
    where
        t1_0.id_funcion=?
2026-06-12T14:00:38.797-05:00 DEBUG 20996 --- [ProyectLP2] [nio-8082-exec-5] o.h.sql.results.internal.ResultsHelper   : Collection fully initialized: [pe.edu.upeu.ProyectLP2.infraestructure.entity.FuncionEntity.Tickets#53]
Hibernate: 
    delete 
    from
        ticket 
    where
        id_ticket=?
Hibernate: 
    delete 
    from
        funcion 
    where
        id_funcion=?
Hibernate: 
    delete 
    from
        pelicula 
    where
        id_pelicula=?
Hibernate: 
    select
        pe1_0.id_pelicula,
        pe1_0.descripcion,
        pe1_0.director,
        pe1_0.duracion,
        pe1_0.formato,
        pe1_0.genero,
        pe1_0.idioma,
        pe1_0.poster,
        pe1_0.titulo,
        pe1_0.trailer 
    from
        pelicula pe1_0 
    where
        pe1_0.id_pelicula=?
Hibernate: 
    select
        f1_0.id_pelicula,
        f1_0.id_funcion,
        f1_0.fecha,
        f1_0.precio,
        f1_0.id_sala,
        s1_0.id_sala,
        s1_0.columnas,
        s1_0.filas,
        s1_0.numero 
    from
        funcion f1_0 
    left join
        sala s1_0 
            on s1_0.id_sala=f1_0.id_sala 
    where
        f1_0.id_pelicula=?
2026-06-12T14:00:38.845-05:00 DEBUG 20996 --- [ProyectLP2] [nio-8082-exec-8] o.h.sql.results.internal.ResultsHelper   : Collection fully initialized: [pe.edu.upeu.ProyectLP2.infraestructure.entity.PeliculaEntity.funciones#73]
Hibernate: 
    delete 
    from
        pelicula 
    where
        id_pelicula=?
  &amp#27;[32mDado &amp#27;[0m&amp#27;[32mque la base de datos de pruebas está activa y limpia&amp#27;[0m                         &amp#27;[90m# pe.edu.upeu.ProyectLP2.ddb.AsientoSteps.limpiarBaseDeDatos()&amp#27;[0m
Hibernate: 
    insert 
    into
        sala
        (columnas, filas, numero) 
    values
        (?, ?, ?)
Hibernate: 
    select
        ae1_0.id_asiento,
        ae1_0.columna,
        ae1_0.estado,
        ae1_0.fila,
        ae1_0.id_sala 
    from
        asiento ae1_0 
    left join
        sala s1_0 
            on s1_0.id_sala=ae1_0.id_sala 
    where
        s1_0.id_sala=? 
        and ae1_0.fila=? 
        and ae1_0.columna=?
Hibernate: 
    insert 
    into
        asiento
        (columna, estado, fila, id_sala) 
    values
        (?, ?, ?, ?)
Hibernate: 
    select
        ae1_0.id_asiento,
        ae1_0.columna,
        ae1_0.estado,
        ae1_0.fila,
        ae1_0.id_sala 
    from
        asiento ae1_0 
    left join
        sala s1_0 
            on s1_0.id_sala=ae1_0.id_sala 
    where
        s1_0.id_sala=? 
        and ae1_0.fila=? 
        and ae1_0.columna=?
Hibernate: 
    insert 
    into
        asiento
        (columna, estado, fila, id_sala) 
    values
        (?, ?, ?, ?)
Hibernate: 
    select
        ae1_0.id_asiento,
        ae1_0.columna,
        ae1_0.estado,
        ae1_0.fila,
        ae1_0.id_sala 
    from
        asiento ae1_0 
    left join
        sala s1_0 
            on s1_0.id_sala=ae1_0.id_sala 
    where
        s1_0.id_sala=? 
        and ae1_0.fila=? 
        and ae1_0.columna=?
Hibernate: 
    insert 
    into
        asiento
        (columna, estado, fila, id_sala) 
    values
        (?, ?, ?, ?)
Hibernate: 
    select
        ae1_0.id_asiento,
        ae1_0.columna,
        ae1_0.estado,
        ae1_0.fila,
        ae1_0.id_sala 
    from
        asiento ae1_0 
    left join
        sala s1_0 
            on s1_0.id_sala=ae1_0.id_sala 
    where
        s1_0.id_sala=? 
        and ae1_0.fila=? 
        and ae1_0.columna=?
Hibernate: 
    insert 
    into
        asiento
        (columna, estado, fila, id_sala) 
    values
        (?, ?, ?, ?)
Hibernate: 
    select
        ae1_0.id_asiento,
        ae1_0.columna,
        ae1_0.estado,
        ae1_0.fila,
        ae1_0.id_sala 
    from
        asiento ae1_0 
    left join
        sala s1_0 
            on s1_0.id_sala=ae1_0.id_sala 
    where
        s1_0.id_sala=? 
        and ae1_0.fila=? 
        and ae1_0.columna=?
Hibernate: 
    insert 
    into
        asiento
        (columna, estado, fila, id_sala) 
    values
        (?, ?, ?, ?)
Hibernate: 
    select
        ae1_0.id_asiento,
        ae1_0.columna,
        ae1_0.estado,
        ae1_0.fila,
        ae1_0.id_sala 
    from
        asiento ae1_0 
    left join
        sala s1_0 
            on s1_0.id_sala=ae1_0.id_sala 
    where
        s1_0.id_sala=? 
        and ae1_0.fila=? 
        and ae1_0.columna=?
Hibernate: 
    insert 
    into
        asiento
        (columna, estado, fila, id_sala) 
    values
        (?, ?, ?, ?)
Hibernate: 
    select
        ae1_0.id_asiento,
        ae1_0.columna,
        ae1_0.estado,
        ae1_0.fila,
        ae1_0.id_sala 
    from
        asiento ae1_0 
    left join
        sala s1_0 
            on s1_0.id_sala=ae1_0.id_sala 
    where
        s1_0.id_sala=? 
        and ae1_0.fila=? 
        and ae1_0.columna=?
Hibernate: 
    insert 
    into
        asiento
        (columna, estado, fila, id_sala) 
    values
        (?, ?, ?, ?)
Hibernate: 
    select
        ae1_0.id_asiento,
        ae1_0.columna,
        ae1_0.estado,
        ae1_0.fila,
        ae1_0.id_sala 
    from
        asiento ae1_0 
    left join
        sala s1_0 
            on s1_0.id_sala=ae1_0.id_sala 
    where
        s1_0.id_sala=? 
        and ae1_0.fila=? 
        and ae1_0.columna=?
Hibernate: 
    insert 
    into
        asiento
        (columna, estado, fila, id_sala) 
    values
        (?, ?, ?, ?)
Hibernate: 
    select
        ae1_0.id_asiento,
        ae1_0.columna,
        ae1_0.estado,
        ae1_0.fila,
        ae1_0.id_sala 
    from
        asiento ae1_0 
    left join
        sala s1_0 
            on s1_0.id_sala=ae1_0.id_sala 
    where
        s1_0.id_sala=? 
        and ae1_0.fila=? 
        and ae1_0.columna=?
Hibernate: 
    insert 
    into
        asiento
        (columna, estado, fila, id_sala) 
    values
        (?, ?, ?, ?)
Hibernate: 
    select
        ae1_0.id_asiento,
        ae1_0.columna,
        ae1_0.estado,
        ae1_0.fila,
        ae1_0.id_sala 
    from
        asiento ae1_0 
    left join
        sala s1_0 
            on s1_0.id_sala=ae1_0.id_sala 
    where
        s1_0.id_sala=? 
        and ae1_0.fila=? 
        and ae1_0.columna=?
Hibernate: 
    insert 
    into
        asiento
        (columna, estado, fila, id_sala) 
    values
        (?, ?, ?, ?)
Hibernate: 
    select
        ae1_0.id_asiento,
        ae1_0.columna,
        ae1_0.estado,
        ae1_0.fila,
        ae1_0.id_sala 
    from
        asiento ae1_0 
    left join
        sala s1_0 
            on s1_0.id_sala=ae1_0.id_sala 
    where
        s1_0.id_sala=? 
        and ae1_0.fila=? 
        and ae1_0.columna=?
Hibernate: 
    insert 
    into
        asiento
        (columna, estado, fila, id_sala) 
    values
        (?, ?, ?, ?)
Hibernate: 
    select
        ae1_0.id_asiento,
        ae1_0.columna,
        ae1_0.estado,
        ae1_0.fila,
        ae1_0.id_sala 
    from
        asiento ae1_0 
    left join
        sala s1_0 
            on s1_0.id_sala=ae1_0.id_sala 
    where
        s1_0.id_sala=? 
        and ae1_0.fila=? 
        and ae1_0.columna=?
Hibernate: 
    insert 
    into
        asiento
        (columna, estado, fila, id_sala) 
    values
        (?, ?, ?, ?)
Hibernate: 
    select
        ae1_0.id_asiento,
        ae1_0.columna,
        ae1_0.estado,
        ae1_0.fila,
        ae1_0.id_sala 
    from
        asiento ae1_0 
    left join
        sala s1_0 
            on s1_0.id_sala=ae1_0.id_sala 
    where
        s1_0.id_sala=? 
        and ae1_0.fila=? 
        and ae1_0.columna=?
Hibernate: 
    insert 
    into
        asiento
        (columna, estado, fila, id_sala) 
    values
        (?, ?, ?, ?)
Hibernate: 
    select
        ae1_0.id_asiento,
        ae1_0.columna,
        ae1_0.estado,
        ae1_0.fila,
        ae1_0.id_sala 
    from
        asiento ae1_0 
    left join
        sala s1_0 
            on s1_0.id_sala=ae1_0.id_sala 
    where
        s1_0.id_sala=? 
        and ae1_0.fila=? 
        and ae1_0.columna=?
Hibernate: 
    insert 
    into
        asiento
        (columna, estado, fila, id_sala) 
    values
        (?, ?, ?, ?)
Hibernate: 
    select
        ae1_0.id_asiento,
        ae1_0.columna,
        ae1_0.estado,
        ae1_0.fila,
        ae1_0.id_sala 
    from
        asiento ae1_0 
    left join
        sala s1_0 
            on s1_0.id_sala=ae1_0.id_sala 
    where
        s1_0.id_sala=? 
        and ae1_0.fila=? 
        and ae1_0.columna=?
Hibernate: 
    insert 
    into
        asiento
        (columna, estado, fila, id_sala) 
    values
        (?, ?, ?, ?)
Hibernate: 
    select
        ae1_0.id_asiento,
        ae1_0.columna,
        ae1_0.estado,
        ae1_0.fila,
        ae1_0.id_sala 
    from
        asiento ae1_0 
    left join
        sala s1_0 
            on s1_0.id_sala=ae1_0.id_sala 
    where
        s1_0.id_sala=? 
        and ae1_0.fila=? 
        and ae1_0.columna=?
Hibernate: 
    insert 
    into
        asiento
        (columna, estado, fila, id_sala) 
    values
        (?, ?, ?, ?)
Hibernate: 
    select
        ae1_0.id_asiento,
        ae1_0.columna,
        ae1_0.estado,
        ae1_0.fila,
        ae1_0.id_sala 
    from
        asiento ae1_0 
    left join
        sala s1_0 
            on s1_0.id_sala=ae1_0.id_sala 
    where
        s1_0.id_sala=? 
        and ae1_0.fila=? 
        and ae1_0.columna=?
Hibernate: 
    insert 
    into
        asiento
        (columna, estado, fila, id_sala) 
    values
        (?, ?, ?, ?)
Hibernate: 
    select
        ae1_0.id_asiento,
        ae1_0.columna,
        ae1_0.estado,
        ae1_0.fila,
        ae1_0.id_sala 
    from
        asiento ae1_0 
    left join
        sala s1_0 
            on s1_0.id_sala=ae1_0.id_sala 
    where
        s1_0.id_sala=? 
        and ae1_0.fila=? 
        and ae1_0.columna=?
Hibernate: 
    insert 
    into
        asiento
        (columna, estado, fila, id_sala) 
    values
        (?, ?, ?, ?)
Hibernate: 
    select
        ae1_0.id_asiento,
        ae1_0.columna,
        ae1_0.estado,
        ae1_0.fila,
        ae1_0.id_sala 
    from
        asiento ae1_0 
    left join
        sala s1_0 
            on s1_0.id_sala=ae1_0.id_sala 
    where
        s1_0.id_sala=? 
        and ae1_0.fila=? 
        and ae1_0.columna=?
Hibernate: 
    insert 
    into
        asiento
        (columna, estado, fila, id_sala) 
    values
        (?, ?, ?, ?)
Hibernate: 
    select
        ae1_0.id_asiento,
        ae1_0.columna,
        ae1_0.estado,
        ae1_0.fila,
        ae1_0.id_sala 
    from
        asiento ae1_0 
    left join
        sala s1_0 
            on s1_0.id_sala=ae1_0.id_sala 
    where
        s1_0.id_sala=? 
        and ae1_0.fila=? 
        and ae1_0.columna=?
Hibernate: 
    insert 
    into
        asiento
        (columna, estado, fila, id_sala) 
    values
        (?, ?, ?, ?)
Hibernate: 
    select
        ae1_0.id_asiento,
        ae1_0.columna,
        ae1_0.estado,
        ae1_0.fila,
        ae1_0.id_sala 
    from
        asiento ae1_0 
    left join
        sala s1_0 
            on s1_0.id_sala=ae1_0.id_sala 
    where
        s1_0.id_sala=? 
        and ae1_0.fila=? 
        and ae1_0.columna=?
Hibernate: 
    insert 
    into
        asiento
        (columna, estado, fila, id_sala) 
    values
        (?, ?, ?, ?)
Hibernate: 
    select
        ae1_0.id_asiento,
        ae1_0.columna,
        ae1_0.estado,
        ae1_0.fila,
        ae1_0.id_sala 
    from
        asiento ae1_0 
    left join
        sala s1_0 
            on s1_0.id_sala=ae1_0.id_sala 
    where
        s1_0.id_sala=? 
        and ae1_0.fila=? 
        and ae1_0.columna=?
Hibernate: 
    insert 
    into
        asiento
        (columna, estado, fila, id_sala) 
    values
        (?, ?, ?, ?)
Hibernate: 
    select
        ae1_0.id_asiento,
        ae1_0.columna,
        ae1_0.estado,
        ae1_0.fila,
        ae1_0.id_sala 
    from
        asiento ae1_0 
    left join
        sala s1_0 
            on s1_0.id_sala=ae1_0.id_sala 
    where
        s1_0.id_sala=? 
        and ae1_0.fila=? 
        and ae1_0.columna=?
Hibernate: 
    insert 
    into
        asiento
        (columna, estado, fila, id_sala) 
    values
        (?, ?, ?, ?)
Hibernate: 
    select
        ae1_0.id_asiento,
        ae1_0.columna,
        ae1_0.estado,
        ae1_0.fila,
        ae1_0.id_sala 
    from
        asiento ae1_0 
    left join
        sala s1_0 
            on s1_0.id_sala=ae1_0.id_sala 
    where
        s1_0.id_sala=? 
        and ae1_0.fila=? 
        and ae1_0.columna=?
Hibernate: 
    insert 
    into
        asiento
        (columna, estado, fila, id_sala) 
    values
        (?, ?, ?, ?)
Hibernate: 
    select
        ae1_0.id_asiento,
        ae1_0.columna,
        ae1_0.estado,
        ae1_0.fila,
        ae1_0.id_sala 
    from
        asiento ae1_0 
    left join
        sala s1_0 
            on s1_0.id_sala=ae1_0.id_sala 
    where
        s1_0.id_sala=? 
        and ae1_0.fila=? 
        and ae1_0.columna=?
Hibernate: 
    insert 
    into
        asiento
        (columna, estado, fila, id_sala) 
    values
        (?, ?, ?, ?)
Hibernate: 
    select
        ae1_0.id_asiento,
        ae1_0.columna,
        ae1_0.estado,
        ae1_0.fila,
        ae1_0.id_sala 
    from
        asiento ae1_0 
    left join
        sala s1_0 
            on s1_0.id_sala=ae1_0.id_sala 
    where
        s1_0.id_sala=? 
        and ae1_0.fila=? 
        and ae1_0.columna=?
Hibernate: 
    insert 
    into
        asiento
        (columna, estado, fila, id_sala) 
    values
        (?, ?, ?, ?)
Hibernate: 
    select
        ae1_0.id_asiento,
        ae1_0.columna,
        ae1_0.estado,
        ae1_0.fila,
        ae1_0.id_sala 
    from
        asiento ae1_0 
    left join
        sala s1_0 
            on s1_0.id_sala=ae1_0.id_sala 
    where
        s1_0.id_sala=? 
        and ae1_0.fila=? 
        and ae1_0.columna=?
Hibernate: 
    insert 
    into
        asiento
        (columna, estado, fila, id_sala) 
    values
        (?, ?, ?, ?)
Hibernate: 
    select
        ae1_0.id_asiento,
        ae1_0.columna,
        ae1_0.estado,
        ae1_0.fila,
        ae1_0.id_sala 
    from
        asiento ae1_0 
    left join
        sala s1_0 
            on s1_0.id_sala=ae1_0.id_sala 
    where
        s1_0.id_sala=? 
        and ae1_0.fila=? 
        and ae1_0.columna=?
Hibernate: 
    insert 
    into
        asiento
        (columna, estado, fila, id_sala) 
    values
        (?, ?, ?, ?)
Hibernate: 
    select
        ae1_0.id_asiento,
        ae1_0.columna,
        ae1_0.estado,
        ae1_0.fila,
        ae1_0.id_sala 
    from
        asiento ae1_0 
    left join
        sala s1_0 
            on s1_0.id_sala=ae1_0.id_sala 
    where
        s1_0.id_sala=? 
        and ae1_0.fila=? 
        and ae1_0.columna=?
Hibernate: 
    insert 
    into
        asiento
        (columna, estado, fila, id_sala) 
    values
        (?, ?, ?, ?)
Hibernate: 
    select
        ae1_0.id_asiento,
        ae1_0.columna,
        ae1_0.estado,
        ae1_0.fila,
        ae1_0.id_sala 
    from
        asiento ae1_0 
    left join
        sala s1_0 
            on s1_0.id_sala=ae1_0.id_sala 
    where
        s1_0.id_sala=? 
        and ae1_0.fila=? 
        and ae1_0.columna=?
Hibernate: 
    insert 
    into
        asiento
        (columna, estado, fila, id_sala) 
    values
        (?, ?, ?, ?)
Hibernate: 
    select
        ae1_0.id_asiento,
        ae1_0.columna,
        ae1_0.estado,
        ae1_0.fila,
        ae1_0.id_sala 
    from
        asiento ae1_0 
    left join
        sala s1_0 
            on s1_0.id_sala=ae1_0.id_sala 
    where
        s1_0.id_sala=? 
        and ae1_0.fila=? 
        and ae1_0.columna=?
Hibernate: 
    insert 
    into
        asiento
        (columna, estado, fila, id_sala) 
    values
        (?, ?, ?, ?)
Hibernate: 
    select
        ae1_0.id_asiento,
        ae1_0.columna,
        ae1_0.estado,
        ae1_0.fila,
        ae1_0.id_sala 
    from
        asiento ae1_0 
    left join
        sala s1_0 
            on s1_0.id_sala=ae1_0.id_sala 
    where
        s1_0.id_sala=? 
        and ae1_0.fila=? 
        and ae1_0.columna=?
Hibernate: 
    insert 
    into
        asiento
        (columna, estado, fila, id_sala) 
    values
        (?, ?, ?, ?)
Hibernate: 
    select
        ae1_0.id_asiento,
        ae1_0.columna,
        ae1_0.estado,
        ae1_0.fila,
        ae1_0.id_sala 
    from
        asiento ae1_0 
    left join
        sala s1_0 
            on s1_0.id_sala=ae1_0.id_sala 
    where
        s1_0.id_sala=? 
        and ae1_0.fila=? 
        and ae1_0.columna=?
Hibernate: 
    insert 
    into
        asiento
        (columna, estado, fila, id_sala) 
    values
        (?, ?, ?, ?)
Hibernate: 
    select
        ae1_0.id_asiento,
        ae1_0.columna,
        ae1_0.estado,
        ae1_0.fila,
        ae1_0.id_sala 
    from
        asiento ae1_0 
    left join
        sala s1_0 
            on s1_0.id_sala=ae1_0.id_sala 
    where
        s1_0.id_sala=? 
        and ae1_0.fila=? 
        and ae1_0.columna=?
Hibernate: 
    insert 
    into
        asiento
        (columna, estado, fila, id_sala) 
    values
        (?, ?, ?, ?)
Hibernate: 
    select
        ae1_0.id_asiento,
        ae1_0.columna,
        ae1_0.estado,
        ae1_0.fila,
        ae1_0.id_sala 
    from
        asiento ae1_0 
    left join
        sala s1_0 
            on s1_0.id_sala=ae1_0.id_sala 
    where
        s1_0.id_sala=? 
        and ae1_0.fila=? 
        and ae1_0.columna=?
Hibernate: 
    insert 
    into
        asiento
        (columna, estado, fila, id_sala) 
    values
        (?, ?, ?, ?)
Hibernate: 
    select
        ae1_0.id_asiento,
        ae1_0.columna,
        ae1_0.estado,
        ae1_0.fila,
        ae1_0.id_sala 
    from
        asiento ae1_0 
    left join
        sala s1_0 
            on s1_0.id_sala=ae1_0.id_sala 
    where
        s1_0.id_sala=? 
        and ae1_0.fila=? 
        and ae1_0.columna=?
Hibernate: 
    insert 
    into
        asiento
        (columna, estado, fila, id_sala) 
    values
        (?, ?, ?, ?)
Hibernate: 
    select
        ae1_0.id_asiento,
        ae1_0.columna,
        ae1_0.estado,
        ae1_0.fila,
        ae1_0.id_sala 
    from
        asiento ae1_0 
    left join
        sala s1_0 
            on s1_0.id_sala=ae1_0.id_sala 
    where
        s1_0.id_sala=? 
        and ae1_0.fila=? 
        and ae1_0.columna=?
Hibernate: 
    insert 
    into
        asiento
        (columna, estado, fila, id_sala) 
    values
        (?, ?, ?, ?)
Hibernate: 
    select
        ae1_0.id_asiento,
        ae1_0.columna,
        ae1_0.estado,
        ae1_0.fila,
        ae1_0.id_sala 
    from
        asiento ae1_0 
    left join
        sala s1_0 
            on s1_0.id_sala=ae1_0.id_sala 
    where
        s1_0.id_sala=? 
        and ae1_0.fila=? 
        and ae1_0.columna=?
Hibernate: 
    insert 
    into
        asiento
        (columna, estado, fila, id_sala) 
    values
        (?, ?, ?, ?)
Hibernate: 
    select
        ae1_0.id_asiento,
        ae1_0.columna,
        ae1_0.estado,
        ae1_0.fila,
        ae1_0.id_sala 
    from
        asiento ae1_0 
    left join
        sala s1_0 
            on s1_0.id_sala=ae1_0.id_sala 
    where
        s1_0.id_sala=? 
        and ae1_0.fila=? 
        and ae1_0.columna=?
Hibernate: 
    insert 
    into
        asiento
        (columna, estado, fila, id_sala) 
    values
        (?, ?, ?, ?)
Hibernate: 
    select
        ae1_0.id_asiento,
        ae1_0.columna,
        ae1_0.estado,
        ae1_0.fila,
        ae1_0.id_sala 
    from
        asiento ae1_0 
    left join
        sala s1_0 
            on s1_0.id_sala=ae1_0.id_sala 
    where
        s1_0.id_sala=? 
        and ae1_0.fila=? 
        and ae1_0.columna=?
Hibernate: 
    insert 
    into
        asiento
        (columna, estado, fila, id_sala) 
    values
        (?, ?, ?, ?)
Hibernate: 
    select
        ae1_0.id_asiento,
        ae1_0.columna,
        ae1_0.estado,
        ae1_0.fila,
        ae1_0.id_sala 
    from
        asiento ae1_0 
    left join
        sala s1_0 
            on s1_0.id_sala=ae1_0.id_sala 
    where
        s1_0.id_sala=? 
        and ae1_0.fila=? 
        and ae1_0.columna=?
Hibernate: 
    insert 
    into
        asiento
        (columna, estado, fila, id_sala) 
    values
        (?, ?, ?, ?)
Hibernate: 
    select
        ae1_0.id_asiento,
        ae1_0.columna,
        ae1_0.estado,
        ae1_0.fila,
        ae1_0.id_sala 
    from
        asiento ae1_0 
    left join
        sala s1_0 
            on s1_0.id_sala=ae1_0.id_sala 
    where
        s1_0.id_sala=? 
        and ae1_0.fila=? 
        and ae1_0.columna=?
Hibernate: 
    insert 
    into
        asiento
        (columna, estado, fila, id_sala) 
    values
        (?, ?, ?, ?)
Hibernate: 
    select
        ae1_0.id_asiento,
        ae1_0.columna,
        ae1_0.estado,
        ae1_0.fila,
        ae1_0.id_sala 
    from
        asiento ae1_0 
    left join
        sala s1_0 
            on s1_0.id_sala=ae1_0.id_sala 
    where
        s1_0.id_sala=? 
        and ae1_0.fila=? 
        and ae1_0.columna=?
Hibernate: 
    insert 
    into
        asiento
        (columna, estado, fila, id_sala) 
    values
        (?, ?, ?, ?)
Hibernate: 
    select
        ae1_0.id_asiento,
        ae1_0.columna,
        ae1_0.estado,
        ae1_0.fila,
        ae1_0.id_sala 
    from
        asiento ae1_0 
    left join
        sala s1_0 
            on s1_0.id_sala=ae1_0.id_sala 
    where
        s1_0.id_sala=? 
        and ae1_0.fila=? 
        and ae1_0.columna=?
Hibernate: 
    insert 
    into
        asiento
        (columna, estado, fila, id_sala) 
    values
        (?, ?, ?, ?)
Hibernate: 
    select
        ae1_0.id_asiento,
        ae1_0.columna,
        ae1_0.estado,
        ae1_0.fila,
        ae1_0.id_sala 
    from
        asiento ae1_0 
    left join
        sala s1_0 
            on s1_0.id_sala=ae1_0.id_sala 
    where
        s1_0.id_sala=? 
        and ae1_0.fila=? 
        and ae1_0.columna=?
Hibernate: 
    insert 
    into
        asiento
        (columna, estado, fila, id_sala) 
    values
        (?, ?, ?, ?)
Hibernate: 
    select
        ae1_0.id_asiento,
        ae1_0.columna,
        ae1_0.estado,
        ae1_0.fila,
        ae1_0.id_sala 
    from
        asiento ae1_0 
    left join
        sala s1_0 
            on s1_0.id_sala=ae1_0.id_sala 
    where
        s1_0.id_sala=? 
        and ae1_0.fila=? 
        and ae1_0.columna=?
Hibernate: 
    insert 
    into
        asiento
        (columna, estado, fila, id_sala) 
    values
        (?, ?, ?, ?)
Hibernate: 
    select
        ae1_0.id_asiento,
        ae1_0.columna,
        ae1_0.estado,
        ae1_0.fila,
        ae1_0.id_sala 
    from
        asiento ae1_0 
    left join
        sala s1_0 
            on s1_0.id_sala=ae1_0.id_sala 
    where
        s1_0.id_sala=? 
        and ae1_0.fila=? 
        and ae1_0.columna=?
Hibernate: 
    insert 
    into
        asiento
        (columna, estado, fila, id_sala) 
    values
        (?, ?, ?, ?)
Hibernate: 
    select
        ae1_0.id_asiento,
        ae1_0.columna,
        ae1_0.estado,
        ae1_0.fila,
        ae1_0.id_sala 
    from
        asiento ae1_0 
    left join
        sala s1_0 
            on s1_0.id_sala=ae1_0.id_sala 
    where
        s1_0.id_sala=? 
        and ae1_0.fila=? 
        and ae1_0.columna=?
Hibernate: 
    insert 
    into
        asiento
        (columna, estado, fila, id_sala) 
    values
        (?, ?, ?, ?)
Hibernate: 
    select
        ae1_0.id_asiento,
        ae1_0.columna,
        ae1_0.estado,
        ae1_0.fila,
        ae1_0.id_sala 
    from
        asiento ae1_0 
    left join
        sala s1_0 
            on s1_0.id_sala=ae1_0.id_sala 
    where
        s1_0.id_sala=? 
        and ae1_0.fila=? 
        and ae1_0.columna=?
Hibernate: 
    insert 
    into
        asiento
        (columna, estado, fila, id_sala) 
    values
        (?, ?, ?, ?)
Hibernate: 
    select
        ae1_0.id_asiento,
        ae1_0.columna,
        ae1_0.estado,
        ae1_0.fila,
        ae1_0.id_sala 
    from
        asiento ae1_0 
    left join
        sala s1_0 
            on s1_0.id_sala=ae1_0.id_sala 
    where
        s1_0.id_sala=? 
        and ae1_0.fila=? 
        and ae1_0.columna=?
Hibernate: 
    insert 
    into
        asiento
        (columna, estado, fila, id_sala) 
    values
        (?, ?, ?, ?)
Hibernate: 
    select
        ae1_0.id_asiento,
        ae1_0.columna,
        ae1_0.estado,
        ae1_0.fila,
        ae1_0.id_sala 
    from
        asiento ae1_0 
    left join
        sala s1_0 
            on s1_0.id_sala=ae1_0.id_sala 
    where
        s1_0.id_sala=? 
        and ae1_0.fila=? 
        and ae1_0.columna=?
Hibernate: 
    insert 
    into
        asiento
        (columna, estado, fila, id_sala) 
    values
        (?, ?, ?, ?)
Hibernate: 
    select
        ae1_0.id_asiento,
        ae1_0.columna,
        ae1_0.estado,
        ae1_0.fila,
        ae1_0.id_sala 
    from
        asiento ae1_0 
    left join
        sala s1_0 
            on s1_0.id_sala=ae1_0.id_sala 
    where
        s1_0.id_sala=? 
        and ae1_0.fila=? 
        and ae1_0.columna=?
Hibernate: 
    insert 
    into
        asiento
        (columna, estado, fila, id_sala) 
    values
        (?, ?, ?, ?)
Hibernate: 
    select
        ae1_0.id_asiento,
        ae1_0.columna,
        ae1_0.estado,
        ae1_0.fila,
        ae1_0.id_sala 
    from
        asiento ae1_0 
    left join
        sala s1_0 
            on s1_0.id_sala=ae1_0.id_sala 
    where
        s1_0.id_sala=? 
        and ae1_0.fila=? 
        and ae1_0.columna=?
Hibernate: 
    insert 
    into
        asiento
        (columna, estado, fila, id_sala) 
    values
        (?, ?, ?, ?)
Hibernate: 
    select
        ae1_0.id_asiento,
        ae1_0.columna,
        ae1_0.estado,
        ae1_0.fila,
        ae1_0.id_sala 
    from
        asiento ae1_0 
    left join
        sala s1_0 
            on s1_0.id_sala=ae1_0.id_sala 
    where
        s1_0.id_sala=? 
        and ae1_0.fila=? 
        and ae1_0.columna=?
Hibernate: 
    insert 
    into
        asiento
        (columna, estado, fila, id_sala) 
    values
        (?, ?, ?, ?)
Hibernate: 
    select
        ae1_0.id_asiento,
        ae1_0.columna,
        ae1_0.estado,
        ae1_0.fila,
        ae1_0.id_sala 
    from
        asiento ae1_0 
    left join
        sala s1_0 
            on s1_0.id_sala=ae1_0.id_sala 
    where
        s1_0.id_sala=? 
        and ae1_0.fila=? 
        and ae1_0.columna=?
Hibernate: 
    insert 
    into
        asiento
        (columna, estado, fila, id_sala) 
    values
        (?, ?, ?, ?)
Hibernate: 
    select
        ae1_0.id_asiento,
        ae1_0.columna,
        ae1_0.estado,
        ae1_0.fila,
        ae1_0.id_sala 
    from
        asiento ae1_0 
    left join
        sala s1_0 
            on s1_0.id_sala=ae1_0.id_sala 
    where
        s1_0.id_sala=? 
        and ae1_0.fila=? 
        and ae1_0.columna=?
Hibernate: 
    insert 
    into
        asiento
        (columna, estado, fila, id_sala) 
    values
        (?, ?, ?, ?)
Hibernate: 
    select
        ae1_0.id_asiento,
        ae1_0.columna,
        ae1_0.estado,
        ae1_0.fila,
        ae1_0.id_sala 
    from
        asiento ae1_0 
    left join
        sala s1_0 
            on s1_0.id_sala=ae1_0.id_sala 
    where
        s1_0.id_sala=? 
        and ae1_0.fila=? 
        and ae1_0.columna=?
Hibernate: 
    insert 
    into
        asiento
        (columna, estado, fila, id_sala) 
    values
        (?, ?, ?, ?)
Hibernate: 
    select
        ae1_0.id_asiento,
        ae1_0.columna,
        ae1_0.estado,
        ae1_0.fila,
        ae1_0.id_sala 
    from
        asiento ae1_0 
    left join
        sala s1_0 
            on s1_0.id_sala=ae1_0.id_sala 
    where
        s1_0.id_sala=? 
        and ae1_0.fila=? 
        and ae1_0.columna=?
Hibernate: 
    insert 
    into
        asiento
        (columna, estado, fila, id_sala) 
    values
        (?, ?, ?, ?)
Hibernate: 
    select
        ae1_0.id_asiento,
        ae1_0.columna,
        ae1_0.estado,
        ae1_0.fila,
        ae1_0.id_sala 
    from
        asiento ae1_0 
    left join
        sala s1_0 
            on s1_0.id_sala=ae1_0.id_sala 
    where
        s1_0.id_sala=? 
        and ae1_0.fila=? 
        and ae1_0.columna=?
Hibernate: 
    insert 
    into
        asiento
        (columna, estado, fila, id_sala) 
    values
        (?, ?, ?, ?)
Hibernate: 
    select
        ae1_0.id_asiento,
        ae1_0.columna,
        ae1_0.estado,
        ae1_0.fila,
        ae1_0.id_sala 
    from
        asiento ae1_0 
    left join
        sala s1_0 
            on s1_0.id_sala=ae1_0.id_sala 
    where
        s1_0.id_sala=? 
        and ae1_0.fila=? 
        and ae1_0.columna=?
Hibernate: 
    insert 
    into
        asiento
        (columna, estado, fila, id_sala) 
    values
        (?, ?, ?, ?)
Hibernate: 
    select
        se1_0.id_sala,
        se1_0.columnas,
        se1_0.filas,
        se1_0.numero 
    from
        sala se1_0
  &amp#27;[32mDado &amp#27;[0m&amp#27;[32mque se registra una nueva sala con ID &amp#27;[0m&amp#27;[32m&amp#27;[1m1&amp#27;[0m&amp#27;[32m, con &amp#27;[0m&amp#27;[32m&amp#27;[1m5&amp#27;[0m&amp#27;[32m filas y &amp#27;[0m&amp#27;[32m&amp#27;[1m12&amp#27;[0m&amp#27;[32m columnas&amp#27;[0m           &amp#27;[90m# pe.edu.upeu.ProyectLP2.ddb.AsientoSteps.registrarSalaConAsientosAutogenerados(int,int,int)&amp#27;[0m
Hibernate: 
    select
        ae1_0.id_asiento,
        ae1_0.columna,
        ae1_0.estado,
        ae1_0.fila,
        ae1_0.id_sala 
    from
        asiento ae1_0 
    left join
        sala s1_0 
            on s1_0.id_sala=ae1_0.id_sala 
    where
        s1_0.id_sala=?
Hibernate: 
    select
        se1_0.id_sala,
        se1_0.columnas,
        se1_0.filas,
        se1_0.numero 
    from
        sala se1_0 
    where
        se1_0.id_sala=?
  &amp#27;[32mCuando &amp#27;[0m&amp#27;[32mse solicita la lista de asientos de la sala ID &amp#27;[0m&amp#27;[32m&amp#27;[1m1&amp#27;[0m&amp#27;[32m mediante una petición GET&amp#27;[0m &amp#27;[90m# pe.edu.upeu.ProyectLP2.ddb.AsientoSteps.consultarAsientosPorSala(int)&amp#27;[0m
  &amp#27;[32mEntonces &amp#27;[0m&amp#27;[32mel sistema debe responder con un código de estado de éxito &amp#27;[0m&amp#27;[32m&amp#27;[1m200&amp#27;[0m           &amp#27;[90m# pe.edu.upeu.ProyectLP2.ddb.AsientoSteps.verificarCodigoEstado(int)&amp#27;[0m
  &amp#27;[32mY &amp#27;[0m&amp#27;[32mla lista debe contener un total de &amp#27;[0m&amp#27;[32m&amp#27;[1m60&amp#27;[0m&amp#27;[32m asientos configurados como &amp#27;[0m&amp#27;[32m&amp#27;[1m"LIBRE"&amp#27;[0m        &amp#27;[90m# pe.edu.upeu.ProyectLP2.ddb.AsientoSteps.verificarCantidadYEstadoDeAsientos(int,java.lang.String)&amp#27;[0m
]]></system-out>
  </testcase>
  <testcase name="Impedir la duplicación de asientos al intentar registrar manualmente un asiento ya existente" classname="Certificación de Calidad y Cobertura del Microservicio de Asientos (Generación Automática)" time="1.414">
    <system-out><![CDATA[2026-06-12T14:00:40.238-05:00  INFO 20996 --- [ProyectLP2] [           main] t.c.s.AnnotationConfigContextLoaderUtils : Could not detect default configuration classes for test class [pe.edu.upeu.ProyectLP2.CucumberSpringConfiguration]: CucumberSpringConfiguration does not declare any static, non-private, non-final, nested classes annotated with @Configuration.
2026-06-12T14:00:40.242-05:00  INFO 20996 --- [ProyectLP2] [           main] .b.t.c.SpringBootTestContextBootstrapper : Found @SpringBootConfiguration pe.edu.upeu.ProyectLP2.ProyectLp2Application for test class pe.edu.upeu.ProyectLP2.CucumberSpringConfiguration

@FlujoDuplicado
Escenario: Impedir la duplicación de asientos al intentar registrar manualmente un asiento ya existente          &amp#27;[90m# features/asiento.feature:15&amp#27;[0m
Hibernate: 
    select
        te1_0.id_ticket,
        te1_0.id_asiento,
        te1_0.id_usuario,
        te1_0.fecha_compra,
        te1_0.id_funcion,
        te1_0.precio_unitario 
    from
        ticket te1_0
Hibernate: 
    select
        fe1_0.id_funcion,
        fe1_0.fecha,
        fe1_0.id_pelicula,
        fe1_0.precio,
        fe1_0.id_sala 
    from
        funcion fe1_0
Hibernate: 
    select
        ae1_0.id_asiento,
        ae1_0.columna,
        ae1_0.estado,
        ae1_0.fila,
        ae1_0.id_sala 
    from
        asiento ae1_0
Hibernate: 
    select
        se1_0.id_sala,
        se1_0.columnas,
        se1_0.filas,
        se1_0.numero 
    from
        sala se1_0 
    where
        se1_0.id_sala=?
Hibernate: 
    select
        se1_0.id_sala,
        se1_0.columnas,
        se1_0.filas,
        se1_0.numero 
    from
        sala se1_0 
    where
        se1_0.id_sala=?
Hibernate: 
    select
        se1_0.id_sala,
        se1_0.columnas,
        se1_0.filas,
        se1_0.numero 
    from
        sala se1_0
Hibernate: 
    select
        se1_0.id_sala,
        se1_0.columnas,
        se1_0.filas,
        se1_0.numero 
    from
        sala se1_0 
    where
        se1_0.id_sala=?
Hibernate: 
    select
        a1_0.id_sala,
        a1_0.id_asiento,
        a1_0.columna,
        a1_0.estado,
        a1_0.fila 
    from
        asiento a1_0 
    where
        a1_0.id_sala=?
2026-06-12T14:00:40.458-05:00 DEBUG 20996 --- [ProyectLP2] [nio-8082-exec-5] o.h.sql.results.internal.ResultsHelper   : Collection fully initialized: [pe.edu.upeu.ProyectLP2.infraestructure.entity.SalaEntity.asientos#112]
Hibernate: 
    delete 
    from
        asiento 
    where
        id_asiento=?
Hibernate: 
    delete 
    from
        asiento 
    where
        id_asiento=?
Hibernate: 
    delete 
    from
        asiento 
    where
        id_asiento=?
Hibernate: 
    delete 
    from
        asiento 
    where
        id_asiento=?
Hibernate: 
    delete 
    from
        asiento 
    where
        id_asiento=?
Hibernate: 
    delete 
    from
        asiento 
    where
        id_asiento=?
Hibernate: 
    delete 
    from
        asiento 
    where
        id_asiento=?
Hibernate: 
    delete 
    from
        asiento 
    where
        id_asiento=?
Hibernate: 
    delete 
    from
        asiento 
    where
        id_asiento=?
Hibernate: 
    delete 
    from
        asiento 
    where
        id_asiento=?
Hibernate: 
    delete 
    from
        asiento 
    where
        id_asiento=?
Hibernate: 
    delete 
    from
        asiento 
    where
        id_asiento=?
Hibernate: 
    delete 
    from
        asiento 
    where
        id_asiento=?
Hibernate: 
    delete 
    from
        asiento 
    where
        id_asiento=?
Hibernate: 
    delete 
    from
        asiento 
    where
        id_asiento=?
Hibernate: 
    delete 
    from
        asiento 
    where
        id_asiento=?
Hibernate: 
    delete 
    from
        asiento 
    where
        id_asiento=?
Hibernate: 
    delete 
    from
        asiento 
    where
        id_asiento=?
Hibernate: 
    delete 
    from
        asiento 
    where
        id_asiento=?
Hibernate: 
    delete 
    from
        asiento 
    where
        id_asiento=?
Hibernate: 
    delete 
    from
        asiento 
    where
        id_asiento=?
Hibernate: 
    delete 
    from
        asiento 
    where
        id_asiento=?
Hibernate: 
    delete 
    from
        asiento 
    where
        id_asiento=?
Hibernate: 
    delete 
    from
        asiento 
    where
        id_asiento=?
Hibernate: 
    delete 
    from
        asiento 
    where
        id_asiento=?
Hibernate: 
    delete 
    from
        asiento 
    where
        id_asiento=?
Hibernate: 
    delete 
    from
        asiento 
    where
        id_asiento=?
Hibernate: 
    delete 
    from
        asiento 
    where
        id_asiento=?
Hibernate: 
    delete 
    from
        asiento 
    where
        id_asiento=?
Hibernate: 
    delete 
    from
        asiento 
    where
        id_asiento=?
Hibernate: 
    delete 
    from
        asiento 
    where
        id_asiento=?
Hibernate: 
    delete 
    from
        asiento 
    where
        id_asiento=?
Hibernate: 
    delete 
    from
        asiento 
    where
        id_asiento=?
Hibernate: 
    delete 
    from
        asiento 
    where
        id_asiento=?
Hibernate: 
    delete 
    from
        asiento 
    where
        id_asiento=?
Hibernate: 
    delete 
    from
        asiento 
    where
        id_asiento=?
Hibernate: 
    delete 
    from
        asiento 
    where
        id_asiento=?
Hibernate: 
    delete 
    from
        asiento 
    where
        id_asiento=?
Hibernate: 
    delete 
    from
        asiento 
    where
        id_asiento=?
Hibernate: 
    delete 
    from
        asiento 
    where
        id_asiento=?
Hibernate: 
    delete 
    from
        asiento 
    where
        id_asiento=?
Hibernate: 
    delete 
    from
        asiento 
    where
        id_asiento=?
Hibernate: 
    delete 
    from
        asiento 
    where
        id_asiento=?
Hibernate: 
    delete 
    from
        asiento 
    where
        id_asiento=?
Hibernate: 
    delete 
    from
        asiento 
    where
        id_asiento=?
Hibernate: 
    delete 
    from
        asiento 
    where
        id_asiento=?
Hibernate: 
    delete 
    from
        asiento 
    where
        id_asiento=?
Hibernate: 
    delete 
    from
        asiento 
    where
        id_asiento=?
Hibernate: 
    delete 
    from
        asiento 
    where
        id_asiento=?
Hibernate: 
    delete 
    from
        asiento 
    where
        id_asiento=?
Hibernate: 
    delete 
    from
        asiento 
    where
        id_asiento=?
Hibernate: 
    delete 
    from
        asiento 
    where
        id_asiento=?
Hibernate: 
    delete 
    from
        asiento 
    where
        id_asiento=?
Hibernate: 
    delete 
    from
        asiento 
    where
        id_asiento=?
Hibernate: 
    delete 
    from
        asiento 
    where
        id_asiento=?
Hibernate: 
    delete 
    from
        asiento 
    where
        id_asiento=?
Hibernate: 
    delete 
    from
        asiento 
    where
        id_asiento=?
Hibernate: 
    delete 
    from
        asiento 
    where
        id_asiento=?
Hibernate: 
    delete 
    from
        asiento 
    where
        id_asiento=?
Hibernate: 
    delete 
    from
        asiento 
    where
        id_asiento=?
Hibernate: 
    delete 
    from
        sala 
    where
        id_sala=?
Hibernate: 
    select
        se1_0.id_sala,
        se1_0.columnas,
        se1_0.filas,
        se1_0.numero 
    from
        sala se1_0 
    where
        se1_0.id_sala=?
Hibernate: 
    select
        a1_0.id_sala,
        a1_0.id_asiento,
        a1_0.columna,
        a1_0.estado,
        a1_0.fila 
    from
        asiento a1_0 
    where
        a1_0.id_sala=?
2026-06-12T14:00:40.606-05:00 DEBUG 20996 --- [ProyectLP2] [nio-8082-exec-8] o.h.sql.results.internal.ResultsHelper   : Collection fully initialized: [pe.edu.upeu.ProyectLP2.infraestructure.entity.SalaEntity.asientos#113]
Hibernate: 
    delete 
    from
        asiento 
    where
        id_asiento=?
Hibernate: 
    delete 
    from
        asiento 
    where
        id_asiento=?
Hibernate: 
    delete 
    from
        asiento 
    where
        id_asiento=?
Hibernate: 
    delete 
    from
        asiento 
    where
        id_asiento=?
Hibernate: 
    delete 
    from
        asiento 
    where
        id_asiento=?
Hibernate: 
    delete 
    from
        asiento 
    where
        id_asiento=?
Hibernate: 
    delete 
    from
        asiento 
    where
        id_asiento=?
Hibernate: 
    delete 
    from
        asiento 
    where
        id_asiento=?
Hibernate: 
    delete 
    from
        asiento 
    where
        id_asiento=?
Hibernate: 
    delete 
    from
        asiento 
    where
        id_asiento=?
Hibernate: 
    delete 
    from
        asiento 
    where
        id_asiento=?
Hibernate: 
    delete 
    from
        asiento 
    where
        id_asiento=?
Hibernate: 
    delete 
    from
        asiento 
    where
        id_asiento=?
Hibernate: 
    delete 
    from
        asiento 
    where
        id_asiento=?
Hibernate: 
    delete 
    from
        asiento 
    where
        id_asiento=?
Hibernate: 
    delete 
    from
        asiento 
    where
        id_asiento=?
Hibernate: 
    delete 
    from
        asiento 
    where
        id_asiento=?
Hibernate: 
    delete 
    from
        asiento 
    where
        id_asiento=?
Hibernate: 
    delete 
    from
        asiento 
    where
        id_asiento=?
Hibernate: 
    delete 
    from
        asiento 
    where
        id_asiento=?
Hibernate: 
    delete 
    from
        asiento 
    where
        id_asiento=?
Hibernate: 
    delete 
    from
        asiento 
    where
        id_asiento=?
Hibernate: 
    delete 
    from
        asiento 
    where
        id_asiento=?
Hibernate: 
    delete 
    from
        asiento 
    where
        id_asiento=?
Hibernate: 
    delete 
    from
        asiento 
    where
        id_asiento=?
Hibernate: 
    delete 
    from
        asiento 
    where
        id_asiento=?
Hibernate: 
    delete 
    from
        asiento 
    where
        id_asiento=?
Hibernate: 
    delete 
    from
        asiento 
    where
        id_asiento=?
Hibernate: 
    delete 
    from
        asiento 
    where
        id_asiento=?
Hibernate: 
    delete 
    from
        asiento 
    where
        id_asiento=?
Hibernate: 
    delete 
    from
        asiento 
    where
        id_asiento=?
Hibernate: 
    delete 
    from
        asiento 
    where
        id_asiento=?
Hibernate: 
    delete 
    from
        asiento 
    where
        id_asiento=?
Hibernate: 
    delete 
    from
        asiento 
    where
        id_asiento=?
Hibernate: 
    delete 
    from
        asiento 
    where
        id_asiento=?
Hibernate: 
    delete 
    from
        asiento 
    where
        id_asiento=?
Hibernate: 
    delete 
    from
        asiento 
    where
        id_asiento=?
Hibernate: 
    delete 
    from
        asiento 
    where
        id_asiento=?
Hibernate: 
    delete 
    from
        asiento 
    where
        id_asiento=?
Hibernate: 
    delete 
    from
        asiento 
    where
        id_asiento=?
Hibernate: 
    delete 
    from
        asiento 
    where
        id_asiento=?
Hibernate: 
    delete 
    from
        asiento 
    where
        id_asiento=?
Hibernate: 
    delete 
    from
        asiento 
    where
        id_asiento=?
Hibernate: 
    delete 
    from
        asiento 
    where
        id_asiento=?
Hibernate: 
    delete 
    from
        asiento 
    where
        id_asiento=?
Hibernate: 
    delete 
    from
        asiento 
    where
        id_asiento=?
Hibernate: 
    delete 
    from
        asiento 
    where
        id_asiento=?
Hibernate: 
    delete 
    from
        asiento 
    where
        id_asiento=?
Hibernate: 
    delete 
    from
        asiento 
    where
        id_asiento=?
Hibernate: 
    delete 
    from
        asiento 
    where
        id_asiento=?
Hibernate: 
    delete 
    from
        asiento 
    where
        id_asiento=?
Hibernate: 
    delete 
    from
        asiento 
    where
        id_asiento=?
Hibernate: 
    delete 
    from
        asiento 
    where
        id_asiento=?
Hibernate: 
    delete 
    from
        asiento 
    where
        id_asiento=?
Hibernate: 
    delete 
    from
        asiento 
    where
        id_asiento=?
Hibernate: 
    delete 
    from
        asiento 
    where
        id_asiento=?
Hibernate: 
    delete 
    from
        asiento 
    where
        id_asiento=?
Hibernate: 
    delete 
    from
        asiento 
    where
        id_asiento=?
Hibernate: 
    delete 
    from
        asiento 
    where
        id_asiento=?
Hibernate: 
    delete 
    from
        asiento 
    where
        id_asiento=?
Hibernate: 
    delete 
    from
        sala 
    where
        id_sala=?
Hibernate: 
    select
        pe1_0.id_pelicula,
        pe1_0.descripcion,
        pe1_0.director,
        pe1_0.duracion,
        pe1_0.formato,
        pe1_0.genero,
        pe1_0.idioma,
        pe1_0.poster,
        pe1_0.titulo,
        pe1_0.trailer 
    from
        pelicula pe1_0
  &amp#27;[32mDado &amp#27;[0m&amp#27;[32mque la base de datos de pruebas está activa y limpia&amp#27;[0m                                                      &amp#27;[90m# pe.edu.upeu.ProyectLP2.ddb.AsientoSteps.limpiarBaseDeDatos()&amp#27;[0m
Hibernate: 
    insert 
    into
        sala
        (columnas, filas, numero) 
    values
        (?, ?, ?)
Hibernate: 
    select
        ae1_0.id_asiento,
        ae1_0.columna,
        ae1_0.estado,
        ae1_0.fila,
        ae1_0.id_sala 
    from
        asiento ae1_0 
    left join
        sala s1_0 
            on s1_0.id_sala=ae1_0.id_sala 
    where
        s1_0.id_sala=? 
        and ae1_0.fila=? 
        and ae1_0.columna=?
Hibernate: 
    insert 
    into
        asiento
        (columna, estado, fila, id_sala) 
    values
        (?, ?, ?, ?)
Hibernate: 
    select
        ae1_0.id_asiento,
        ae1_0.columna,
        ae1_0.estado,
        ae1_0.fila,
        ae1_0.id_sala 
    from
        asiento ae1_0 
    left join
        sala s1_0 
            on s1_0.id_sala=ae1_0.id_sala 
    where
        s1_0.id_sala=? 
        and ae1_0.fila=? 
        and ae1_0.columna=?
Hibernate: 
    insert 
    into
        asiento
        (columna, estado, fila, id_sala) 
    values
        (?, ?, ?, ?)
Hibernate: 
    select
        ae1_0.id_asiento,
        ae1_0.columna,
        ae1_0.estado,
        ae1_0.fila,
        ae1_0.id_sala 
    from
        asiento ae1_0 
    left join
        sala s1_0 
            on s1_0.id_sala=ae1_0.id_sala 
    where
        s1_0.id_sala=? 
        and ae1_0.fila=? 
        and ae1_0.columna=?
Hibernate: 
    insert 
    into
        asiento
        (columna, estado, fila, id_sala) 
    values
        (?, ?, ?, ?)
Hibernate: 
    select
        ae1_0.id_asiento,
        ae1_0.columna,
        ae1_0.estado,
        ae1_0.fila,
        ae1_0.id_sala 
    from
        asiento ae1_0 
    left join
        sala s1_0 
            on s1_0.id_sala=ae1_0.id_sala 
    where
        s1_0.id_sala=? 
        and ae1_0.fila=? 
        and ae1_0.columna=?
Hibernate: 
    insert 
    into
        asiento
        (columna, estado, fila, id_sala) 
    values
        (?, ?, ?, ?)
Hibernate: 
    select
        ae1_0.id_asiento,
        ae1_0.columna,
        ae1_0.estado,
        ae1_0.fila,
        ae1_0.id_sala 
    from
        asiento ae1_0 
    left join
        sala s1_0 
            on s1_0.id_sala=ae1_0.id_sala 
    where
        s1_0.id_sala=? 
        and ae1_0.fila=? 
        and ae1_0.columna=?
Hibernate: 
    insert 
    into
        asiento
        (columna, estado, fila, id_sala) 
    values
        (?, ?, ?, ?)
Hibernate: 
    select
        ae1_0.id_asiento,
        ae1_0.columna,
        ae1_0.estado,
        ae1_0.fila,
        ae1_0.id_sala 
    from
        asiento ae1_0 
    left join
        sala s1_0 
            on s1_0.id_sala=ae1_0.id_sala 
    where
        s1_0.id_sala=? 
        and ae1_0.fila=? 
        and ae1_0.columna=?
Hibernate: 
    insert 
    into
        asiento
        (columna, estado, fila, id_sala) 
    values
        (?, ?, ?, ?)
Hibernate: 
    select
        ae1_0.id_asiento,
        ae1_0.columna,
        ae1_0.estado,
        ae1_0.fila,
        ae1_0.id_sala 
    from
        asiento ae1_0 
    left join
        sala s1_0 
            on s1_0.id_sala=ae1_0.id_sala 
    where
        s1_0.id_sala=? 
        and ae1_0.fila=? 
        and ae1_0.columna=?
Hibernate: 
    insert 
    into
        asiento
        (columna, estado, fila, id_sala) 
    values
        (?, ?, ?, ?)
Hibernate: 
    select
        ae1_0.id_asiento,
        ae1_0.columna,
        ae1_0.estado,
        ae1_0.fila,
        ae1_0.id_sala 
    from
        asiento ae1_0 
    left join
        sala s1_0 
            on s1_0.id_sala=ae1_0.id_sala 
    where
        s1_0.id_sala=? 
        and ae1_0.fila=? 
        and ae1_0.columna=?
Hibernate: 
    insert 
    into
        asiento
        (columna, estado, fila, id_sala) 
    values
        (?, ?, ?, ?)
Hibernate: 
    select
        ae1_0.id_asiento,
        ae1_0.columna,
        ae1_0.estado,
        ae1_0.fila,
        ae1_0.id_sala 
    from
        asiento ae1_0 
    left join
        sala s1_0 
            on s1_0.id_sala=ae1_0.id_sala 
    where
        s1_0.id_sala=? 
        and ae1_0.fila=? 
        and ae1_0.columna=?
Hibernate: 
    insert 
    into
        asiento
        (columna, estado, fila, id_sala) 
    values
        (?, ?, ?, ?)
Hibernate: 
    select
        ae1_0.id_asiento,
        ae1_0.columna,
        ae1_0.estado,
        ae1_0.fila,
        ae1_0.id_sala 
    from
        asiento ae1_0 
    left join
        sala s1_0 
            on s1_0.id_sala=ae1_0.id_sala 
    where
        s1_0.id_sala=? 
        and ae1_0.fila=? 
        and ae1_0.columna=?
Hibernate: 
    insert 
    into
        asiento
        (columna, estado, fila, id_sala) 
    values
        (?, ?, ?, ?)
Hibernate: 
    select
        ae1_0.id_asiento,
        ae1_0.columna,
        ae1_0.estado,
        ae1_0.fila,
        ae1_0.id_sala 
    from
        asiento ae1_0 
    left join
        sala s1_0 
            on s1_0.id_sala=ae1_0.id_sala 
    where
        s1_0.id_sala=? 
        and ae1_0.fila=? 
        and ae1_0.columna=?
Hibernate: 
    insert 
    into
        asiento
        (columna, estado, fila, id_sala) 
    values
        (?, ?, ?, ?)
Hibernate: 
    select
        ae1_0.id_asiento,
        ae1_0.columna,
        ae1_0.estado,
        ae1_0.fila,
        ae1_0.id_sala 
    from
        asiento ae1_0 
    left join
        sala s1_0 
            on s1_0.id_sala=ae1_0.id_sala 
    where
        s1_0.id_sala=? 
        and ae1_0.fila=? 
        and ae1_0.columna=?
Hibernate: 
    insert 
    into
        asiento
        (columna, estado, fila, id_sala) 
    values
        (?, ?, ?, ?)
Hibernate: 
    select
        ae1_0.id_asiento,
        ae1_0.columna,
        ae1_0.estado,
        ae1_0.fila,
        ae1_0.id_sala 
    from
        asiento ae1_0 
    left join
        sala s1_0 
            on s1_0.id_sala=ae1_0.id_sala 
    where
        s1_0.id_sala=? 
        and ae1_0.fila=? 
        and ae1_0.columna=?
Hibernate: 
    insert 
    into
        asiento
        (columna, estado, fila, id_sala) 
    values
        (?, ?, ?, ?)
Hibernate: 
    select
        ae1_0.id_asiento,
        ae1_0.columna,
        ae1_0.estado,
        ae1_0.fila,
        ae1_0.id_sala 
    from
        asiento ae1_0 
    left join
        sala s1_0 
            on s1_0.id_sala=ae1_0.id_sala 
    where
        s1_0.id_sala=? 
        and ae1_0.fila=? 
        and ae1_0.columna=?
Hibernate: 
    insert 
    into
        asiento
        (columna, estado, fila, id_sala) 
    values
        (?, ?, ?, ?)
Hibernate: 
    select
        ae1_0.id_asiento,
        ae1_0.columna,
        ae1_0.estado,
        ae1_0.fila,
        ae1_0.id_sala 
    from
        asiento ae1_0 
    left join
        sala s1_0 
            on s1_0.id_sala=ae1_0.id_sala 
    where
        s1_0.id_sala=? 
        and ae1_0.fila=? 
        and ae1_0.columna=?
Hibernate: 
    insert 
    into
        asiento
        (columna, estado, fila, id_sala) 
    values
        (?, ?, ?, ?)
Hibernate: 
    select
        ae1_0.id_asiento,
        ae1_0.columna,
        ae1_0.estado,
        ae1_0.fila,
        ae1_0.id_sala 
    from
        asiento ae1_0 
    left join
        sala s1_0 
            on s1_0.id_sala=ae1_0.id_sala 
    where
        s1_0.id_sala=? 
        and ae1_0.fila=? 
        and ae1_0.columna=?
Hibernate: 
    insert 
    into
        asiento
        (columna, estado, fila, id_sala) 
    values
        (?, ?, ?, ?)
Hibernate: 
    select
        ae1_0.id_asiento,
        ae1_0.columna,
        ae1_0.estado,
        ae1_0.fila,
        ae1_0.id_sala 
    from
        asiento ae1_0 
    left join
        sala s1_0 
            on s1_0.id_sala=ae1_0.id_sala 
    where
        s1_0.id_sala=? 
        and ae1_0.fila=? 
        and ae1_0.columna=?
Hibernate: 
    insert 
    into
        asiento
        (columna, estado, fila, id_sala) 
    values
        (?, ?, ?, ?)
Hibernate: 
    select
        ae1_0.id_asiento,
        ae1_0.columna,
        ae1_0.estado,
        ae1_0.fila,
        ae1_0.id_sala 
    from
        asiento ae1_0 
    left join
        sala s1_0 
            on s1_0.id_sala=ae1_0.id_sala 
    where
        s1_0.id_sala=? 
        and ae1_0.fila=? 
        and ae1_0.columna=?
Hibernate: 
    insert 
    into
        asiento
        (columna, estado, fila, id_sala) 
    values
        (?, ?, ?, ?)
Hibernate: 
    select
        ae1_0.id_asiento,
        ae1_0.columna,
        ae1_0.estado,
        ae1_0.fila,
        ae1_0.id_sala 
    from
        asiento ae1_0 
    left join
        sala s1_0 
            on s1_0.id_sala=ae1_0.id_sala 
    where
        s1_0.id_sala=? 
        and ae1_0.fila=? 
        and ae1_0.columna=?
Hibernate: 
    insert 
    into
        asiento
        (columna, estado, fila, id_sala) 
    values
        (?, ?, ?, ?)
Hibernate: 
    select
        ae1_0.id_asiento,
        ae1_0.columna,
        ae1_0.estado,
        ae1_0.fila,
        ae1_0.id_sala 
    from
        asiento ae1_0 
    left join
        sala s1_0 
            on s1_0.id_sala=ae1_0.id_sala 
    where
        s1_0.id_sala=? 
        and ae1_0.fila=? 
        and ae1_0.columna=?
Hibernate: 
    insert 
    into
        asiento
        (columna, estado, fila, id_sala) 
    values
        (?, ?, ?, ?)
Hibernate: 
    select
        ae1_0.id_asiento,
        ae1_0.columna,
        ae1_0.estado,
        ae1_0.fila,
        ae1_0.id_sala 
    from
        asiento ae1_0 
    left join
        sala s1_0 
            on s1_0.id_sala=ae1_0.id_sala 
    where
        s1_0.id_sala=? 
        and ae1_0.fila=? 
        and ae1_0.columna=?
Hibernate: 
    insert 
    into
        asiento
        (columna, estado, fila, id_sala) 
    values
        (?, ?, ?, ?)
Hibernate: 
    select
        ae1_0.id_asiento,
        ae1_0.columna,
        ae1_0.estado,
        ae1_0.fila,
        ae1_0.id_sala 
    from
        asiento ae1_0 
    left join
        sala s1_0 
            on s1_0.id_sala=ae1_0.id_sala 
    where
        s1_0.id_sala=? 
        and ae1_0.fila=? 
        and ae1_0.columna=?
Hibernate: 
    insert 
    into
        asiento
        (columna, estado, fila, id_sala) 
    values
        (?, ?, ?, ?)
Hibernate: 
    select
        ae1_0.id_asiento,
        ae1_0.columna,
        ae1_0.estado,
        ae1_0.fila,
        ae1_0.id_sala 
    from
        asiento ae1_0 
    left join
        sala s1_0 
            on s1_0.id_sala=ae1_0.id_sala 
    where
        s1_0.id_sala=? 
        and ae1_0.fila=? 
        and ae1_0.columna=?
Hibernate: 
    insert 
    into
        asiento
        (columna, estado, fila, id_sala) 
    values
        (?, ?, ?, ?)
Hibernate: 
    select
        ae1_0.id_asiento,
        ae1_0.columna,
        ae1_0.estado,
        ae1_0.fila,
        ae1_0.id_sala 
    from
        asiento ae1_0 
    left join
        sala s1_0 
            on s1_0.id_sala=ae1_0.id_sala 
    where
        s1_0.id_sala=? 
        and ae1_0.fila=? 
        and ae1_0.columna=?
Hibernate: 
    insert 
    into
        asiento
        (columna, estado, fila, id_sala) 
    values
        (?, ?, ?, ?)
Hibernate: 
    select
        ae1_0.id_asiento,
        ae1_0.columna,
        ae1_0.estado,
        ae1_0.fila,
        ae1_0.id_sala 
    from
        asiento ae1_0 
    left join
        sala s1_0 
            on s1_0.id_sala=ae1_0.id_sala 
    where
        s1_0.id_sala=? 
        and ae1_0.fila=? 
        and ae1_0.columna=?
Hibernate: 
    insert 
    into
        asiento
        (columna, estado, fila, id_sala) 
    values
        (?, ?, ?, ?)
Hibernate: 
    select
        ae1_0.id_asiento,
        ae1_0.columna,
        ae1_0.estado,
        ae1_0.fila,
        ae1_0.id_sala 
    from
        asiento ae1_0 
    left join
        sala s1_0 
            on s1_0.id_sala=ae1_0.id_sala 
    where
        s1_0.id_sala=? 
        and ae1_0.fila=? 
        and ae1_0.columna=?
Hibernate: 
    insert 
    into
        asiento
        (columna, estado, fila, id_sala) 
    values
        (?, ?, ?, ?)
Hibernate: 
    select
        ae1_0.id_asiento,
        ae1_0.columna,
        ae1_0.estado,
        ae1_0.fila,
        ae1_0.id_sala 
    from
        asiento ae1_0 
    left join
        sala s1_0 
            on s1_0.id_sala=ae1_0.id_sala 
    where
        s1_0.id_sala=? 
        and ae1_0.fila=? 
        and ae1_0.columna=?
Hibernate: 
    insert 
    into
        asiento
        (columna, estado, fila, id_sala) 
    values
        (?, ?, ?, ?)
Hibernate: 
    select
        ae1_0.id_asiento,
        ae1_0.columna,
        ae1_0.estado,
        ae1_0.fila,
        ae1_0.id_sala 
    from
        asiento ae1_0 
    left join
        sala s1_0 
            on s1_0.id_sala=ae1_0.id_sala 
    where
        s1_0.id_sala=? 
        and ae1_0.fila=? 
        and ae1_0.columna=?
Hibernate: 
    insert 
    into
        asiento
        (columna, estado, fila, id_sala) 
    values
        (?, ?, ?, ?)
Hibernate: 
    select
        ae1_0.id_asiento,
        ae1_0.columna,
        ae1_0.estado,
        ae1_0.fila,
        ae1_0.id_sala 
    from
        asiento ae1_0 
    left join
        sala s1_0 
            on s1_0.id_sala=ae1_0.id_sala 
    where
        s1_0.id_sala=? 
        and ae1_0.fila=? 
        and ae1_0.columna=?
Hibernate: 
    insert 
    into
        asiento
        (columna, estado, fila, id_sala) 
    values
        (?, ?, ?, ?)
Hibernate: 
    select
        ae1_0.id_asiento,
        ae1_0.columna,
        ae1_0.estado,
        ae1_0.fila,
        ae1_0.id_sala 
    from
        asiento ae1_0 
    left join
        sala s1_0 
            on s1_0.id_sala=ae1_0.id_sala 
    where
        s1_0.id_sala=? 
        and ae1_0.fila=? 
        and ae1_0.columna=?
Hibernate: 
    insert 
    into
        asiento
        (columna, estado, fila, id_sala) 
    values
        (?, ?, ?, ?)
Hibernate: 
    select
        ae1_0.id_asiento,
        ae1_0.columna,
        ae1_0.estado,
        ae1_0.fila,
        ae1_0.id_sala 
    from
        asiento ae1_0 
    left join
        sala s1_0 
            on s1_0.id_sala=ae1_0.id_sala 
    where
        s1_0.id_sala=? 
        and ae1_0.fila=? 
        and ae1_0.columna=?
Hibernate: 
    insert 
    into
        asiento
        (columna, estado, fila, id_sala) 
    values
        (?, ?, ?, ?)
Hibernate: 
    select
        ae1_0.id_asiento,
        ae1_0.columna,
        ae1_0.estado,
        ae1_0.fila,
        ae1_0.id_sala 
    from
        asiento ae1_0 
    left join
        sala s1_0 
            on s1_0.id_sala=ae1_0.id_sala 
    where
        s1_0.id_sala=? 
        and ae1_0.fila=? 
        and ae1_0.columna=?
Hibernate: 
    insert 
    into
        asiento
        (columna, estado, fila, id_sala) 
    values
        (?, ?, ?, ?)
Hibernate: 
    select
        ae1_0.id_asiento,
        ae1_0.columna,
        ae1_0.estado,
        ae1_0.fila,
        ae1_0.id_sala 
    from
        asiento ae1_0 
    left join
        sala s1_0 
            on s1_0.id_sala=ae1_0.id_sala 
    where
        s1_0.id_sala=? 
        and ae1_0.fila=? 
        and ae1_0.columna=?
Hibernate: 
    insert 
    into
        asiento
        (columna, estado, fila, id_sala) 
    values
        (?, ?, ?, ?)
Hibernate: 
    select
        ae1_0.id_asiento,
        ae1_0.columna,
        ae1_0.estado,
        ae1_0.fila,
        ae1_0.id_sala 
    from
        asiento ae1_0 
    left join
        sala s1_0 
            on s1_0.id_sala=ae1_0.id_sala 
    where
        s1_0.id_sala=? 
        and ae1_0.fila=? 
        and ae1_0.columna=?
Hibernate: 
    insert 
    into
        asiento
        (columna, estado, fila, id_sala) 
    values
        (?, ?, ?, ?)
Hibernate: 
    select
        ae1_0.id_asiento,
        ae1_0.columna,
        ae1_0.estado,
        ae1_0.fila,
        ae1_0.id_sala 
    from
        asiento ae1_0 
    left join
        sala s1_0 
            on s1_0.id_sala=ae1_0.id_sala 
    where
        s1_0.id_sala=? 
        and ae1_0.fila=? 
        and ae1_0.columna=?
Hibernate: 
    insert 
    into
        asiento
        (columna, estado, fila, id_sala) 
    values
        (?, ?, ?, ?)
Hibernate: 
    select
        ae1_0.id_asiento,
        ae1_0.columna,
        ae1_0.estado,
        ae1_0.fila,
        ae1_0.id_sala 
    from
        asiento ae1_0 
    left join
        sala s1_0 
            on s1_0.id_sala=ae1_0.id_sala 
    where
        s1_0.id_sala=? 
        and ae1_0.fila=? 
        and ae1_0.columna=?
Hibernate: 
    insert 
    into
        asiento
        (columna, estado, fila, id_sala) 
    values
        (?, ?, ?, ?)
Hibernate: 
    select
        ae1_0.id_asiento,
        ae1_0.columna,
        ae1_0.estado,
        ae1_0.fila,
        ae1_0.id_sala 
    from
        asiento ae1_0 
    left join
        sala s1_0 
            on s1_0.id_sala=ae1_0.id_sala 
    where
        s1_0.id_sala=? 
        and ae1_0.fila=? 
        and ae1_0.columna=?
Hibernate: 
    insert 
    into
        asiento
        (columna, estado, fila, id_sala) 
    values
        (?, ?, ?, ?)
Hibernate: 
    select
        ae1_0.id_asiento,
        ae1_0.columna,
        ae1_0.estado,
        ae1_0.fila,
        ae1_0.id_sala 
    from
        asiento ae1_0 
    left join
        sala s1_0 
            on s1_0.id_sala=ae1_0.id_sala 
    where
        s1_0.id_sala=? 
        and ae1_0.fila=? 
        and ae1_0.columna=?
Hibernate: 
    insert 
    into
        asiento
        (columna, estado, fila, id_sala) 
    values
        (?, ?, ?, ?)
Hibernate: 
    select
        ae1_0.id_asiento,
        ae1_0.columna,
        ae1_0.estado,
        ae1_0.fila,
        ae1_0.id_sala 
    from
        asiento ae1_0 
    left join
        sala s1_0 
            on s1_0.id_sala=ae1_0.id_sala 
    where
        s1_0.id_sala=? 
        and ae1_0.fila=? 
        and ae1_0.columna=?
Hibernate: 
    insert 
    into
        asiento
        (columna, estado, fila, id_sala) 
    values
        (?, ?, ?, ?)
Hibernate: 
    select
        ae1_0.id_asiento,
        ae1_0.columna,
        ae1_0.estado,
        ae1_0.fila,
        ae1_0.id_sala 
    from
        asiento ae1_0 
    left join
        sala s1_0 
            on s1_0.id_sala=ae1_0.id_sala 
    where
        s1_0.id_sala=? 
        and ae1_0.fila=? 
        and ae1_0.columna=?
Hibernate: 
    insert 
    into
        asiento
        (columna, estado, fila, id_sala) 
    values
        (?, ?, ?, ?)
Hibernate: 
    select
        ae1_0.id_asiento,
        ae1_0.columna,
        ae1_0.estado,
        ae1_0.fila,
        ae1_0.id_sala 
    from
        asiento ae1_0 
    left join
        sala s1_0 
            on s1_0.id_sala=ae1_0.id_sala 
    where
        s1_0.id_sala=? 
        and ae1_0.fila=? 
        and ae1_0.columna=?
Hibernate: 
    insert 
    into
        asiento
        (columna, estado, fila, id_sala) 
    values
        (?, ?, ?, ?)
Hibernate: 
    select
        ae1_0.id_asiento,
        ae1_0.columna,
        ae1_0.estado,
        ae1_0.fila,
        ae1_0.id_sala 
    from
        asiento ae1_0 
    left join
        sala s1_0 
            on s1_0.id_sala=ae1_0.id_sala 
    where
        s1_0.id_sala=? 
        and ae1_0.fila=? 
        and ae1_0.columna=?
Hibernate: 
    insert 
    into
        asiento
        (columna, estado, fila, id_sala) 
    values
        (?, ?, ?, ?)
Hibernate: 
    select
        ae1_0.id_asiento,
        ae1_0.columna,
        ae1_0.estado,
        ae1_0.fila,
        ae1_0.id_sala 
    from
        asiento ae1_0 
    left join
        sala s1_0 
            on s1_0.id_sala=ae1_0.id_sala 
    where
        s1_0.id_sala=? 
        and ae1_0.fila=? 
        and ae1_0.columna=?
Hibernate: 
    insert 
    into
        asiento
        (columna, estado, fila, id_sala) 
    values
        (?, ?, ?, ?)
Hibernate: 
    select
        ae1_0.id_asiento,
        ae1_0.columna,
        ae1_0.estado,
        ae1_0.fila,
        ae1_0.id_sala 
    from
        asiento ae1_0 
    left join
        sala s1_0 
            on s1_0.id_sala=ae1_0.id_sala 
    where
        s1_0.id_sala=? 
        and ae1_0.fila=? 
        and ae1_0.columna=?
Hibernate: 
    insert 
    into
        asiento
        (columna, estado, fila, id_sala) 
    values
        (?, ?, ?, ?)
Hibernate: 
    select
        ae1_0.id_asiento,
        ae1_0.columna,
        ae1_0.estado,
        ae1_0.fila,
        ae1_0.id_sala 
    from
        asiento ae1_0 
    left join
        sala s1_0 
            on s1_0.id_sala=ae1_0.id_sala 
    where
        s1_0.id_sala=? 
        and ae1_0.fila=? 
        and ae1_0.columna=?
Hibernate: 
    insert 
    into
        asiento
        (columna, estado, fila, id_sala) 
    values
        (?, ?, ?, ?)
Hibernate: 
    select
        ae1_0.id_asiento,
        ae1_0.columna,
        ae1_0.estado,
        ae1_0.fila,
        ae1_0.id_sala 
    from
        asiento ae1_0 
    left join
        sala s1_0 
            on s1_0.id_sala=ae1_0.id_sala 
    where
        s1_0.id_sala=? 
        and ae1_0.fila=? 
        and ae1_0.columna=?
Hibernate: 
    insert 
    into
        asiento
        (columna, estado, fila, id_sala) 
    values
        (?, ?, ?, ?)
Hibernate: 
    select
        ae1_0.id_asiento,
        ae1_0.columna,
        ae1_0.estado,
        ae1_0.fila,
        ae1_0.id_sala 
    from
        asiento ae1_0 
    left join
        sala s1_0 
            on s1_0.id_sala=ae1_0.id_sala 
    where
        s1_0.id_sala=? 
        and ae1_0.fila=? 
        and ae1_0.columna=?
Hibernate: 
    insert 
    into
        asiento
        (columna, estado, fila, id_sala) 
    values
        (?, ?, ?, ?)
Hibernate: 
    select
        ae1_0.id_asiento,
        ae1_0.columna,
        ae1_0.estado,
        ae1_0.fila,
        ae1_0.id_sala 
    from
        asiento ae1_0 
    left join
        sala s1_0 
            on s1_0.id_sala=ae1_0.id_sala 
    where
        s1_0.id_sala=? 
        and ae1_0.fila=? 
        and ae1_0.columna=?
Hibernate: 
    insert 
    into
        asiento
        (columna, estado, fila, id_sala) 
[...]
        pe1_0.id_pelicula,
        pe1_0.descripcion,
        pe1_0.director,
        pe1_0.duracion,
        pe1_0.formato,
        pe1_0.genero,
        pe1_0.idioma,
        pe1_0.poster,
        pe1_0.titulo,
        pe1_0.trailer 
    from
        pelicula pe1_0 
    where
        pe1_0.id_pelicula=?
Hibernate: 
    select
        se1_0.id_sala,
        se1_0.columnas,
        se1_0.filas,
        se1_0.numero 
    from
        sala se1_0 
    where
        se1_0.id_sala=?
Hibernate: 
    select
        fe1_0.id_funcion,
        fe1_0.fecha,
        fe1_0.id_pelicula,
        fe1_0.precio,
        fe1_0.id_sala 
    from
        funcion fe1_0 
    left join
        pelicula p1_0 
            on p1_0.id_pelicula=fe1_0.id_pelicula 
    where
        p1_0.id_pelicula=?
Hibernate: 
    insert 
    into
        funcion
        (fecha, id_pelicula, precio, id_sala) 
    values
        (?, ?, ?, ?)
  &amp#27;[32mCuando &amp#27;[0m&amp#27;[32mel administrador programa una función para la fecha &amp#27;[0m&amp#27;[32m&amp#27;[1m"2030-06-15"&amp#27;[0m&amp#27;[32m hora &amp#27;[0m&amp#27;[32m&amp#27;[1m"19:30:00"&amp#27;[0m&amp#27;[32m con precio &amp#27;[0m&amp#27;[32m&amp#27;[1m15.50&amp#27;[0m                &amp#27;[90m# pe.edu.upeu.ProyectLP2.ddb.FuncionSteps.crearFuncion(java.lang.String,java.lang.String,java.lang.Double)&amp#27;[0m
Hibernate: 
    select
        pe1_0.id_pelicula,
        pe1_0.descripcion,
        pe1_0.director,
        pe1_0.duracion,
        pe1_0.formato,
        pe1_0.genero,
        pe1_0.idioma,
        pe1_0.poster,
        pe1_0.titulo,
        pe1_0.trailer 
    from
        pelicula pe1_0
Hibernate: 
    select
        se1_0.id_sala,
        se1_0.columnas,
        se1_0.filas,
        se1_0.numero 
    from
        sala se1_0
Hibernate: 
    select
        pe1_0.id_pelicula,
        pe1_0.descripcion,
        pe1_0.director,
        pe1_0.duracion,
        pe1_0.formato,
        pe1_0.genero,
        pe1_0.idioma,
        pe1_0.poster,
        pe1_0.titulo,
        pe1_0.trailer 
    from
        pelicula pe1_0 
    where
        pe1_0.id_pelicula=?
Hibernate: 
    select
        se1_0.id_sala,
        se1_0.columnas,
        se1_0.filas,
        se1_0.numero 
    from
        sala se1_0 
    where
        se1_0.id_sala=?
Hibernate: 
    select
        fe1_0.id_funcion,
        fe1_0.fecha,
        fe1_0.id_pelicula,
        fe1_0.precio,
        fe1_0.id_sala 
    from
        funcion fe1_0 
    left join
        pelicula p1_0 
            on p1_0.id_pelicula=fe1_0.id_pelicula 
    where
        p1_0.id_pelicula=?
  &amp#27;[32mY &amp#27;[0m&amp#27;[32motro administrador intenta programar otra función en la sala ID &amp#27;[0m&amp#27;[32m&amp#27;[1m10&amp#27;[0m&amp#27;[32m para la misma fecha &amp#27;[0m&amp#27;[32m&amp#27;[1m"2030-06-15"&amp#27;[0m&amp#27;[32m y hora &amp#27;[0m&amp#27;[32m&amp#27;[1m"19:30:00"&amp#27;[0m &amp#27;[90m# pe.edu.upeu.ProyectLP2.ddb.FuncionSteps.otro_administrador_intenta_programar_otra_función(java.lang.Integer,java.lang.String,java.lang.String)&amp#27;[0m
  &amp#27;[32mEntonces &amp#27;[0m&amp#27;[32mel sistema debe lanzar un conflicto respondiendo con un código de estado &amp#27;[0m&amp#27;[32m&amp#27;[1m409&amp#27;[0m                                   &amp#27;[90m# pe.edu.upeu.ProyectLP2.ddb.FuncionSteps.el_sistema_debe_lanzar_un_conflicto(java.lang.Integer)&amp#27;[0m
]]></system-out>
  </testcase>
  <testcase name="Buscar una película existente por su título exitosamente" classname="Gestión de Cartelera de Películas - Cobertura de Consultas" time="0.122">
    <system-out><![CDATA[2026-06-12T14:00:44.998-05:00  INFO 20996 --- [ProyectLP2] [           main] t.c.s.AnnotationConfigContextLoaderUtils : Could not detect default configuration classes for test class [pe.edu.upeu.ProyectLP2.CucumberSpringConfiguration]: CucumberSpringConfiguration does not declare any static, non-private, non-final, nested classes annotated with @Configuration.
2026-06-12T14:00:45.000-05:00  INFO 20996 --- [ProyectLP2] [           main] .b.t.c.SpringBootTestContextBootstrapper : Found @SpringBootConfiguration pe.edu.upeu.ProyectLP2.ProyectLp2Application for test class pe.edu.upeu.ProyectLP2.CucumberSpringConfiguration

@FlujoFelizBuscarPelicula
Escenario: Buscar una película existente por su título exitosamente                     &amp#27;[90m# features/pelicula.feature:8&amp#27;[0m
  &amp#27;[32mDado &amp#27;[0m&amp#27;[32mque la base de datos de películas está limpia y preparada&amp#27;[0m                        &amp#27;[90m# pe.edu.upeu.ProyectLP2.ddb.PeliculaSteps.limpiarPeliculas()&amp#27;[0m
Hibernate: 
    insert 
    into
        pelicula
        (descripcion, director, duracion, formato, genero, idioma, poster, titulo, trailer) 
    values
        (?, ?, ?, ?, ?, ?, ?, ?, ?)
  &amp#27;[32mDado &amp#27;[0m&amp#27;[32mque en la cartelera existe la película &amp#27;[0m&amp#27;[32m&amp#27;[1m"Intensamente 2"&amp#27;[0m                          &amp#27;[90m# pe.edu.upeu.ProyectLP2.ddb.PeliculaSteps.registrarPeliculaBase(java.lang.String)&amp#27;[0m
Hibernate: 
    select
        pe1_0.id_pelicula,
        pe1_0.descripcion,
        pe1_0.director,
        pe1_0.duracion,
        pe1_0.formato,
        pe1_0.genero,
        pe1_0.idioma,
        pe1_0.poster,
        pe1_0.titulo,
        pe1_0.trailer 
    from
        pelicula pe1_0 
    where
        pe1_0.titulo=?
  &amp#27;[32mCuando &amp#27;[0m&amp#27;[32mel usuario busca la película por el título &amp#27;[0m&amp#27;[32m&amp#27;[1m"Intensamente 2"&amp#27;[0m                    &amp#27;[90m# pe.edu.upeu.ProyectLP2.ddb.PeliculaSteps.buscarPeliculaPorTitulo(java.lang.String)&amp#27;[0m
  &amp#27;[32mEntonces &amp#27;[0m&amp#27;[32mel sistema devuelve los detalles de la película y el código de estado es &amp#27;[0m&amp#27;[32m&amp#27;[1m200&amp#27;[0m &amp#27;[90m# pe.edu.upeu.ProyectLP2.ddb.PeliculaSteps.validarBusquedaExitosa(int)&amp#27;[0m
]]></system-out>
  </testcase>
  <testcase name="Intentar buscar una película que no está en cartelera" classname="Gestión de Cartelera de Películas - Cobertura de Consultas" time="0.066">
    <system-out><![CDATA[2026-06-12T14:00:45.121-05:00  INFO 20996 --- [ProyectLP2] [           main] t.c.s.AnnotationConfigContextLoaderUtils : Could not detect default configuration classes for test class [pe.edu.upeu.ProyectLP2.CucumberSpringConfiguration]: CucumberSpringConfiguration does not declare any static, non-private, non-final, nested classes annotated with @Configuration.
2026-06-12T14:00:45.123-05:00  INFO 20996 --- [ProyectLP2] [           main] .b.t.c.SpringBootTestContextBootstrapper : Found @SpringBootConfiguration pe.edu.upeu.ProyectLP2.ProyectLp2Application for test class pe.edu.upeu.ProyectLP2.CucumberSpringConfiguration

@FlujoErrorPeliculaNoEncontrada
Escenario: Intentar buscar una película que no está en cartelera                       &amp#27;[90m# features/pelicula.feature:14&amp#27;[0m
  &amp#27;[32mDado &amp#27;[0m&amp#27;[32mque la base de datos de películas está limpia y preparada&amp#27;[0m                       &amp#27;[90m# pe.edu.upeu.ProyectLP2.ddb.PeliculaSteps.limpiarPeliculas()&amp#27;[0m
Hibernate: 
    select
        pe1_0.id_pelicula,
        pe1_0.descripcion,
        pe1_0.director,
        pe1_0.duracion,
        pe1_0.formato,
        pe1_0.genero,
        pe1_0.idioma,
        pe1_0.poster,
        pe1_0.titulo,
        pe1_0.trailer 
    from
        pelicula pe1_0 
    where
        pe1_0.titulo=?
  &amp#27;[32mCuando &amp#27;[0m&amp#27;[32mel usuario busca la película por el título &amp#27;[0m&amp#27;[32m&amp#27;[1m"Pelicula Inexistente 999"&amp#27;[0m         &amp#27;[90m# pe.edu.upeu.ProyectLP2.ddb.PeliculaSteps.buscarPeliculaPorTitulo(java.lang.String)&amp#27;[0m
  &amp#27;[32mEntonces &amp#27;[0m&amp#27;[32mel sistema debe denegar la consulta respondiendo con un código de error &amp#27;[0m&amp#27;[32m&amp#27;[1m404&amp#27;[0m &amp#27;[90m# pe.edu.upeu.ProyectLP2.ddb.PeliculaSteps.validarErrorPeliculaNoEncontrada(int)&amp#27;[0m
]]></system-out>
  </testcase>
  <testcase name="Comprar un ticket para un asiento libre exitosamente" classname="Gestión de Venta de Tickets de Cine - Cobertura de Transacciones" time="0.599">
    <system-out><![CDATA[2026-06-12T14:00:45.189-05:00  INFO 20996 --- [ProyectLP2] [           main] t.c.s.AnnotationConfigContextLoaderUtils : Could not detect default configuration classes for test class [pe.edu.upeu.ProyectLP2.CucumberSpringConfiguration]: CucumberSpringConfiguration does not declare any static, non-private, non-final, nested classes annotated with @Configuration.
2026-06-12T14:00:45.192-05:00  INFO 20996 --- [ProyectLP2] [           main] .b.t.c.SpringBootTestContextBootstrapper : Found @SpringBootConfiguration pe.edu.upeu.ProyectLP2.ProyectLp2Application for test class pe.edu.upeu.ProyectLP2.CucumberSpringConfiguration

@FlujoFelizCompraTicket
Escenario: Comprar un ticket para un asiento libre exitosamente              &amp#27;[90m# features/ticket.feature:8&amp#27;[0m
  &amp#27;[32mDado &amp#27;[0m&amp#27;[32mque el sistema de ventas se encuentra limpio y preparado&amp#27;[0m              &amp#27;[90m# pe.edu.upeu.ProyectLP2.ddb.TicketSteps.prepararEntornoVentas()&amp#27;[0m
  &amp#27;[32mDado &amp#27;[0m&amp#27;[32mque la función &amp#27;[0m&amp#27;[32m&amp#27;[1m1&amp#27;[0m&amp#27;[32m está disponible y el asiento &amp#27;[0m&amp#27;[32m&amp#27;[1m12&amp#27;[0m&amp#27;[32m se encuentra &amp#27;[0m&amp#27;[32m&amp#27;[1m"LIBRE"&amp#27;[0m &amp#27;[90m# pe.edu.upeu.ProyectLP2.ddb.TicketSteps.configurarAsientoYFuncion(int,int,java.lang.String)&amp#27;[0m
Hibernate: 
    select
        fe1_0.id_funcion,
        fe1_0.fecha,
        fe1_0.id_pelicula,
        fe1_0.precio,
        fe1_0.id_sala 
    from
        funcion fe1_0
Hibernate: 
    select
        pe1_0.id_pelicula,
        pe1_0.descripcion,
        pe1_0.director,
        pe1_0.duracion,
        pe1_0.formato,
        pe1_0.genero,
        pe1_0.idioma,
        pe1_0.poster,
        pe1_0.titulo,
        pe1_0.trailer 
    from
        pelicula pe1_0 
    where
        pe1_0.id_pelicula=?
Hibernate: 
    select
        se1_0.id_sala,
        se1_0.columnas,
        se1_0.filas,
        se1_0.numero 
    from
        sala se1_0 
    where
        se1_0.id_sala=?
Hibernate: 
    select
        ae1_0.id_asiento,
        ae1_0.columna,
        ae1_0.estado,
        ae1_0.fila,
        ae1_0.id_sala 
    from
        asiento ae1_0
Hibernate: 
    select
        se1_0.id_sala,
        se1_0.columnas,
        se1_0.filas,
        se1_0.numero 
    from
        sala se1_0 
    where
        se1_0.id_sala=?
Hibernate: 
    select
        fe1_0.id_funcion,
        fe1_0.fecha,
        fe1_0.id_pelicula,
        p1_0.id_pelicula,
        p1_0.descripcion,
        p1_0.director,
        p1_0.duracion,
        p1_0.formato,
        p1_0.genero,
        p1_0.idioma,
        p1_0.poster,
        p1_0.titulo,
        p1_0.trailer,
        fe1_0.precio,
        fe1_0.id_sala,
        s1_0.id_sala,
        s1_0.columnas,
        s1_0.filas,
        s1_0.numero 
    from
        funcion fe1_0 
    join
        pelicula p1_0 
            on p1_0.id_pelicula=fe1_0.id_pelicula 
    join
        sala s1_0 
            on s1_0.id_sala=fe1_0.id_sala 
    where
        fe1_0.id_funcion=?
Hibernate: 
    select
        ae1_0.id_asiento,
        ae1_0.columna,
        ae1_0.estado,
        ae1_0.fila,
        ae1_0.id_sala 
    from
        asiento ae1_0 
    where
        ae1_0.id_asiento=?
Hibernate: 
    select
        ue1_0.id_usuario,
        ue1_0.email,
        ue1_0.nombre,
        ue1_0.password,
        ue1_0.rol 
    from
        usuario ue1_0 
    where
        ue1_0.id_usuario=?
Hibernate: 
    update
        asiento 
    set
        columna=?,
        estado=?,
        fila=?,
        id_sala=? 
    where
        id_asiento=?
Hibernate: 
    select
        te1_0.id_ticket,
        te1_0.id_asiento,
        te1_0.id_usuario,
        te1_0.fecha_compra,
        te1_0.id_funcion,
        te1_0.precio_unitario 
    from
        ticket te1_0 
    left join
        funcion f1_0 
            on f1_0.id_funcion=te1_0.id_funcion 
    where
        f1_0.id_funcion=?
Hibernate: 
    insert 
    into
        ticket
        (id_asiento, id_usuario, fecha_compra, id_funcion, precio_unitario) 
    values
        (?, ?, ?, ?, ?)
  &amp#27;[32mCuando &amp#27;[0m&amp#27;[32mel cliente con ID &amp#27;[0m&amp#27;[32m&amp#27;[1m1&amp#27;[0m&amp#27;[32m realiza la compra del ticket con precio &amp#27;[0m&amp#27;[32m&amp#27;[1m15.50&amp#27;[0m   &amp#27;[90m# pe.edu.upeu.ProyectLP2.ddb.TicketSteps.comprarTicketExitoso(int,double)&amp#27;[0m
  &amp#27;[32mEntonces &amp#27;[0m&amp#27;[32mel ticket se genera correctamente y el código de estado es &amp#27;[0m&amp#27;[32m&amp#27;[1m201&amp#27;[0m    &amp#27;[90m# pe.edu.upeu.ProyectLP2.ddb.TicketSteps.validarTicketGenerado(int)&amp#27;[0m
]]></system-out>
  </testcase>
  <testcase name="Impedir la compra de un ticket si el asiento ya está ocupado" classname="Gestión de Venta de Tickets de Cine - Cobertura de Transacciones" time="0.184">
    <system-out><![CDATA[2026-06-12T14:00:45.793-05:00  INFO 20996 --- [ProyectLP2] [           main] t.c.s.AnnotationConfigContextLoaderUtils : Could not detect default configuration classes for test class [pe.edu.upeu.ProyectLP2.CucumberSpringConfiguration]: CucumberSpringConfiguration does not declare any static, non-private, non-final, nested classes annotated with @Configuration.
2026-06-12T14:00:45.796-05:00  INFO 20996 --- [ProyectLP2] [           main] .b.t.c.SpringBootTestContextBootstrapper : Found @SpringBootConfiguration pe.edu.upeu.ProyectLP2.ProyectLp2Application for test class pe.edu.upeu.ProyectLP2.CucumberSpringConfiguration

@FlujoErrorAsientoOcupado
Escenario: Impedir la compra de un ticket si el asiento ya está ocupado             &amp#27;[90m# features/ticket.feature:14&amp#27;[0m
  &amp#27;[32mDado &amp#27;[0m&amp#27;[32mque el sistema de ventas se encuentra limpio y preparado&amp#27;[0m                     &amp#27;[90m# pe.edu.upeu.ProyectLP2.ddb.TicketSteps.prepararEntornoVentas()&amp#27;[0m
  &amp#27;[32mDado &amp#27;[0m&amp#27;[32mque la función &amp#27;[0m&amp#27;[32m&amp#27;[1m1&amp#27;[0m&amp#27;[32m está disponible y el asiento &amp#27;[0m&amp#27;[32m&amp#27;[1m12&amp#27;[0m&amp#27;[32m se encuentra &amp#27;[0m&amp#27;[32m&amp#27;[1m"OCUPADO"&amp#27;[0m      &amp#27;[90m# pe.edu.upeu.ProyectLP2.ddb.TicketSteps.configurarAsientoYFuncion(int,int,java.lang.String)&amp#27;[0m
Hibernate: 
    select
        fe1_0.id_funcion,
        fe1_0.fecha,
        fe1_0.id_pelicula,
        fe1_0.precio,
        fe1_0.id_sala 
    from
        funcion fe1_0
Hibernate: 
    select
        pe1_0.id_pelicula,
        pe1_0.descripcion,
        pe1_0.director,
        pe1_0.duracion,
        pe1_0.formato,
        pe1_0.genero,
        pe1_0.idioma,
        pe1_0.poster,
        pe1_0.titulo,
        pe1_0.trailer 
    from
        pelicula pe1_0 
    where
        pe1_0.id_pelicula=?
Hibernate: 
    select
        se1_0.id_sala,
        se1_0.columnas,
        se1_0.filas,
        se1_0.numero 
    from
        sala se1_0 
    where
        se1_0.id_sala=?
Hibernate: 
    select
        ae1_0.id_asiento,
        ae1_0.columna,
        ae1_0.estado,
        ae1_0.fila,
        ae1_0.id_sala 
    from
        asiento ae1_0
Hibernate: 
    select
        se1_0.id_sala,
        se1_0.columnas,
        se1_0.filas,
        se1_0.numero 
    from
        sala se1_0 
    where
        se1_0.id_sala=?
Hibernate: 
    select
        fe1_0.id_funcion,
        fe1_0.fecha,
        fe1_0.id_pelicula,
        p1_0.id_pelicula,
        p1_0.descripcion,
        p1_0.director,
        p1_0.duracion,
        p1_0.formato,
        p1_0.genero,
        p1_0.idioma,
        p1_0.poster,
        p1_0.titulo,
        p1_0.trailer,
        fe1_0.precio,
        fe1_0.id_sala,
        s1_0.id_sala,
        s1_0.columnas,
        s1_0.filas,
        s1_0.numero 
    from
        funcion fe1_0 
    join
        pelicula p1_0 
            on p1_0.id_pelicula=fe1_0.id_pelicula 
    join
        sala s1_0 
            on s1_0.id_sala=fe1_0.id_sala 
    where
        fe1_0.id_funcion=?
Hibernate: 
    select
        ae1_0.id_asiento,
        ae1_0.columna,
        ae1_0.estado,
        ae1_0.fila,
        ae1_0.id_sala 
    from
        asiento ae1_0 
    where
        ae1_0.id_asiento=?
  &amp#27;[32mCuando &amp#27;[0m&amp#27;[32mel cliente con ID &amp#27;[0m&amp#27;[32m&amp#27;[1m1&amp#27;[0m&amp#27;[32m intenta realizar la compra del ticket con precio &amp#27;[0m&amp#27;[32m&amp#27;[1m15.50&amp#27;[0m &amp#27;[90m# pe.edu.upeu.ProyectLP2.ddb.TicketSteps.intentarCompraAsientoOcupado(int,double)&amp#27;[0m
  &amp#27;[32mEntonces &amp#27;[0m&amp#27;[32mel sistema debe denegar la venta respondiendo con un código de error &amp#27;[0m&amp#27;[32m&amp#27;[1m409&amp#27;[0m &amp#27;[90m# pe.edu.upeu.ProyectLP2.ddb.TicketSteps.validarErrorAsientoOcupado(int)&amp#27;[0m
]]></system-out>
  </testcase>
  <testcase name="Iniciar sesion exitosamente" classname="Gestion de Usuarios del Cine" time="0.756">
    <system-out><![CDATA[2026-06-12T14:00:45.978-05:00  INFO 20996 --- [ProyectLP2] [           main] t.c.s.AnnotationConfigContextLoaderUtils : Could not detect default configuration classes for test class [pe.edu.upeu.ProyectLP2.CucumberSpringConfiguration]: CucumberSpringConfiguration does not declare any static, non-private, non-final, nested classes annotated with @Configuration.
2026-06-12T14:00:45.980-05:00  INFO 20996 --- [ProyectLP2] [           main] .b.t.c.SpringBootTestContextBootstrapper : Found @SpringBootConfiguration pe.edu.upeu.ProyectLP2.ProyectLp2Application for test class pe.edu.upeu.ProyectLP2.CucumberSpringConfiguration

Escenario: Iniciar sesion exitosamente                                           &amp#27;[90m# features/usuario.feature:4&amp#27;[0m
[REGISTRO] Intentando registrar: leydi@example.com
Hibernate: 
    select
        ue1_0.id_usuario,
        ue1_0.email,
        ue1_0.nombre,
        ue1_0.password,
        ue1_0.rol 
    from
        usuario ue1_0 
    where
        ue1_0.email=?
[REGISTRO] Email ya existe: leydi@example.com
  &amp#27;[32mDado &amp#27;[0m&amp#27;[32mque el usuario &amp#27;[0m&amp#27;[32m&amp#27;[1m"leydi@example.com"&amp#27;[0m&amp#27;[32m ya esta registrado con la clave &amp#27;[0m&amp#27;[32m&amp#27;[1m"1234"&amp#27;[0m &amp#27;[90m# pe.edu.upeu.ProyectLP2.ddb.AuthSteps.registrarUsuario(java.lang.String,java.lang.String)&amp#27;[0m
[LOGIN] Intentando login con email: leydi@example.com
Hibernate: 
    select
        ue1_0.id_usuario,
        ue1_0.email,
        ue1_0.nombre,
        ue1_0.password,
        ue1_0.rol 
    from
        usuario ue1_0 
    where
        ue1_0.email=?
[LOGIN] Autenticación exitosa para: leydi@example.com
Hibernate: 
    select
        ue1_0.id_usuario,
        ue1_0.email,
        ue1_0.nombre,
        ue1_0.password,
        ue1_0.rol 
    from
        usuario ue1_0 
    where
        ue1_0.email=?
[LOGIN] Usuario encontrado - ID: 1, Rol: CLIENTE
Hibernate: 
    select
        ue1_0.id_usuario,
        ue1_0.email,
        ue1_0.nombre,
        ue1_0.password,
        ue1_0.rol 
    from
        usuario ue1_0 
    where
        ue1_0.email=?
[LOGIN] Token generado exitosamente
  &amp#27;[32mCuando &amp#27;[0m&amp#27;[32mintenta iniciar sesion con el correo &amp#27;[0m&amp#27;[32m&amp#27;[1m"leydi@example.com"&amp#27;[0m&amp#27;[32m y clave &amp#27;[0m&amp#27;[32m&amp#27;[1m"1234"&amp#27;[0m &amp#27;[90m# pe.edu.upeu.ProyectLP2.ddb.AuthSteps.iniciarSesion(java.lang.String,java.lang.String)&amp#27;[0m
  &amp#27;[32mEntonces &amp#27;[0m&amp#27;[32mel sistema debe permitir el ingreso y generar un token JWT&amp#27;[0m            &amp#27;[90m# pe.edu.upeu.ProyectLP2.ddb.AuthSteps.validarToken()&amp#27;[0m
]]></system-out>
  </testcase>
</testsuite>